2025-02-22 13:05:36.146 [info] [main] Log level: Info
2025-02-22 13:05:36.146 [info] [main] Validating found git in: "git"
2025-02-22 13:05:36.146 [info] [main] Using git "2.34.1" from "git"
2025-02-22 13:05:36.146 [info] [Model][doInitialScan] Initial repository scan started
2025-02-22 13:05:36.146 [info] > git rev-parse --show-toplevel [15ms]
2025-02-22 13:05:36.146 [info] > git rev-parse --git-dir --git-common-dir [4ms]
2025-02-22 13:05:36.146 [info] [Model][openRepository] Opened repository: /home/kapil_w1979
2025-02-22 13:05:36.156 [info] > git config --get commit.template [14ms]
2025-02-22 13:05:36.169 [info] [Git][getRemotes] No remotes found in the git config file
2025-02-22 13:05:36.173 [info] > git for-each-ref --format=%(refname)%00%(upstream:short)%00%(objectname)%00%(upstream:track)%00%(upstream:remotename)%00%(upstream:remoteref) refs/heads/master refs/remotes/master [6ms]
2025-02-22 13:05:36.174 [warning] [Git][getBranch] No such branch: master
2025-02-22 13:05:36.421 [info] > git status -z -uall [223ms]
2025-02-22 13:05:36.421 [info] > git for-each-ref --sort -committerdate --format %(refname) %(objectname) %(*objectname) [160ms]
2025-02-22 13:05:36.542 [info] > git for-each-ref --format=%(refname)%00%(upstream:short)%00%(objectname)%00%(upstream:track)%00%(upstream:remotename)%00%(upstream:remoteref) refs/heads/master refs/remotes/master [60ms]
2025-02-22 13:05:36.542 [warning] [Git][getBranch] No such branch: master
2025-02-22 13:05:36.543 [error] [GitHistoryProvider][resolveHEADMergeBase] Failed to resolve merge base for master: Error: No such branch: master.
2025-02-22 13:05:36.680 [info] > git config --get commit.template [139ms]
2025-02-22 13:05:36.704 [info] [Git][getRemotes] No remotes found in the git config file
2025-02-22 13:05:36.705 [info] > git rev-parse --show-toplevel [13ms]
2025-02-22 13:05:36.715 [info] > git for-each-ref --format=%(refname)%00%(upstream:short)%00%(objectname)%00%(upstream:track)%00%(upstream:remotename)%00%(upstream:remoteref) refs/heads/master refs/remotes/master [11ms]
2025-02-22 13:05:36.715 [warning] [Git][getBranch] No such branch: master
2025-02-22 13:05:36.735 [info] > git status -z -uall [14ms]
2025-02-22 13:05:36.738 [info] > git rev-parse --show-toplevel [25ms]
2025-02-22 13:05:36.745 [info] > git for-each-ref --sort -committerdate --format %(refname) %(objectname) %(*objectname) [12ms]
2025-02-22 13:05:36.761 [info] > git rev-parse --show-toplevel [18ms]
2025-02-22 13:05:36.774 [info] > git rev-parse --show-toplevel [2ms]
2025-02-22 13:05:36.786 [info] > git rev-parse --show-toplevel [2ms]
2025-02-22 13:05:36.800 [info] > git rev-parse --show-toplevel [2ms]
2025-02-22 13:05:36.812 [info] > git rev-parse --show-toplevel [2ms]
2025-02-22 13:05:36.823 [info] > git rev-parse --show-toplevel [2ms]
2025-02-22 13:05:36.832 [info] > git rev-parse --show-toplevel [1ms]
2025-02-22 13:05:36.840 [info] > git rev-parse --show-toplevel [2ms]
2025-02-22 13:05:36.936 [info] > git rev-parse --show-toplevel [87ms]
2025-02-22 13:05:36.960 [info] > git check-ignore -v -z --stdin [11ms]
2025-02-22 13:05:36.964 [info] > git rev-parse --show-toplevel [4ms]
2025-02-22 13:05:36.972 [info] > git rev-parse --show-toplevel [2ms]
2025-02-22 13:05:36.980 [info] > git rev-parse --show-toplevel [2ms]
2025-02-22 13:05:36.987 [info] > git rev-parse --show-toplevel [2ms]
2025-02-22 13:05:36.987 [info] fatal: not a git repository (or any parent up to mount point /home/kapil_w1979)
Stopping at filesystem boundary (GIT_DISCOVERY_ACROSS_FILESYSTEM not set).
2025-02-22 13:05:36.992 [info] [Model][doInitialScan] Initial repository scan completed - repositories (1), closed repositories (0), parent repositories (0), unsafe repositories (0)
2025-02-22 13:05:38.340 [info] [Git][getRemotes] No remotes found in the git config file
2025-02-22 13:05:38.341 [info] > git config --get commit.template [2ms]
2025-02-22 13:05:38.349 [info] > git for-each-ref --format=%(refname)%00%(upstream:short)%00%(objectname)%00%(upstream:track)%00%(upstream:remotename)%00%(upstream:remoteref) refs/heads/master refs/remotes/master [3ms]
2025-02-22 13:05:38.349 [warning] [Git][getBranch] No such branch: master
2025-02-22 13:05:38.366 [info] > git status -z -uall [12ms]
2025-02-22 13:05:38.369 [info] > git for-each-ref --sort -committerdate --format %(refname) %(objectname) %(*objectname) [5ms]
2025-02-22 13:05:43.397 [info] [Git][getRemotes] No remotes found in the git config file
2025-02-22 13:05:43.398 [info] > git config --get commit.template [8ms]
2025-02-22 13:05:43.399 [info] > git for-each-ref --format=%(refname)%00%(upstream:short)%00%(objectname)%00%(upstream:track)%00%(upstream:remotename)%00%(upstream:remoteref) refs/heads/master refs/remotes/master [3ms]
2025-02-22 13:05:43.399 [warning] [Git][getBranch] No such branch: master
2025-02-22 13:05:43.416 [info] > git status -z -uall [12ms]
2025-02-22 13:05:43.418 [info] > git for-each-ref --sort -committerdate --format %(refname) %(objectname) %(*objectname) [6ms]
2025-02-22 13:05:48.458 [info] [Git][getRemotes] No remotes found in the git config file
2025-02-22 13:05:48.488 [info] > git config --get commit.template [36ms]
2025-02-22 13:05:48.499 [info] > git for-each-ref --format=%(refname)%00%(upstream:short)%00%(objectname)%00%(upstream:track)%00%(upstream:remotename)%00%(upstream:remoteref) refs/heads/master refs/remotes/master [11ms]
2025-02-22 13:05:48.499 [warning] [Git][getBranch] No such branch: master
2025-02-22 13:05:48.553 [info] > git status -z -uall [34ms]
2025-02-22 13:05:48.558 [info] > git for-each-ref --sort -committerdate --format %(refname) %(objectname) %(*objectname) [14ms]
2025-02-22 13:05:53.595 [info] [Git][getRemotes] No remotes found in the git config file
2025-02-22 13:05:53.595 [info] > git config --get commit.template [7ms]
2025-02-22 13:05:53.596 [info] > git for-each-ref --format=%(refname)%00%(upstream:short)%00%(objectname)%00%(upstream:track)%00%(upstream:remotename)%00%(upstream:remoteref) refs/heads/master refs/remotes/master [2ms]
2025-02-22 13:05:53.596 [warning] [Git][getBranch] No such branch: master
2025-02-22 13:05:53.613 [info] > git status -z -uall [11ms]
2025-02-22 13:05:53.615 [info] > git for-each-ref --sort -committerdate --format %(refname) %(objectname) %(*objectname) [4ms]
2025-02-22 13:05:58.632 [info] [Git][getRemotes] No remotes found in the git config file
2025-02-22 13:05:58.639 [info] > git config --get commit.template [8ms]
2025-02-22 13:05:58.640 [info] > git for-each-ref --format=%(refname)%00%(upstream:short)%00%(objectname)%00%(upstream:track)%00%(upstream:remotename)%00%(upstream:remoteref) refs/heads/master refs/remotes/master [2ms]
2025-02-22 13:05:58.640 [warning] [Git][getBranch] No such branch: master
2025-02-22 13:05:58.657 [info] > git status -z -uall [11ms]
2025-02-22 13:05:58.659 [info] > git for-each-ref --sort -committerdate --format %(refname) %(objectname) %(*objectname) [4ms]
2025-02-22 13:06:03.687 [info] [Git][getRemotes] No remotes found in the git config file
2025-02-22 13:06:03.690 [info] > git for-each-ref --format=%(refname)%00%(upstream:short)%00%(objectname)%00%(upstream:track)%00%(upstream:remotename)%00%(upstream:remoteref) refs/heads/master refs/remotes/master [3ms]
2025-02-22 13:06:03.690 [warning] [Git][getBranch] No such branch: master
2025-02-22 13:06:03.690 [info] > git config --get commit.template [12ms]
2025-02-22 13:06:03.722 [info] > git status -z -uall [20ms]
2025-02-22 13:06:03.722 [info] > git for-each-ref --sort -committerdate --format %(refname) %(objectname) %(*objectname) [3ms]
2025-02-22 13:06:08.760 [info] [Git][getRemotes] No remotes found in the git config file
2025-02-22 13:06:08.761 [info] > git config --get commit.template [9ms]
2025-02-22 13:06:08.762 [info] > git for-each-ref --format=%(refname)%00%(upstream:short)%00%(objectname)%00%(upstream:track)%00%(upstream:remotename)%00%(upstream:remoteref) refs/heads/master refs/remotes/master [3ms]
2025-02-22 13:06:08.762 [warning] [Git][getBranch] No such branch: master
2025-02-22 13:06:08.778 [info] > git status -z -uall [11ms]
2025-02-22 13:06:08.784 [info] > git for-each-ref --sort -committerdate --format %(refname) %(objectname) %(*objectname) [7ms]
2025-02-22 13:06:13.809 [info] [Git][getRemotes] No remotes found in the git config file
2025-02-22 13:06:13.810 [info] > git config --get commit.template [7ms]
2025-02-22 13:06:13.812 [info] > git for-each-ref --format=%(refname)%00%(upstream:short)%00%(objectname)%00%(upstream:track)%00%(upstream:remotename)%00%(upstream:remoteref) refs/heads/master refs/remotes/master [2ms]
2025-02-22 13:06:13.812 [warning] [Git][getBranch] No such branch: master
2025-02-22 13:06:13.835 [info] > git status -z -uall [15ms]
2025-02-22 13:06:13.836 [info] > git for-each-ref --sort -committerdate --format %(refname) %(objectname) %(*objectname) [2ms]
2025-02-22 13:06:18.000 [info] > git check-ignore -v -z --stdin [2ms]
2025-02-22 13:06:18.874 [info] [Git][getRemotes] No remotes found in the git config file
2025-02-22 13:06:18.877 [info] > git for-each-ref --format=%(refname)%00%(upstream:short)%00%(objectname)%00%(upstream:track)%00%(upstream:remotename)%00%(upstream:remoteref) refs/heads/master refs/remotes/master [4ms]
2025-02-22 13:06:18.877 [warning] [Git][getBranch] No such branch: master
2025-02-22 13:06:18.877 [info] > git config --get commit.template [11ms]
2025-02-22 13:06:18.894 [info] > git status -z -uall [11ms]
2025-02-22 13:06:18.896 [info] > git for-each-ref --sort -committerdate --format %(refname) %(objectname) %(*objectname) [3ms]
2025-02-22 13:06:23.917 [info] > git config --get commit.template [3ms]
2025-02-22 13:06:23.923 [info] [Git][getRemotes] No remotes found in the git config file
2025-02-22 13:06:23.925 [info] > git for-each-ref --format=%(refname)%00%(upstream:short)%00%(objectname)%00%(upstream:track)%00%(upstream:remotename)%00%(upstream:remoteref) refs/heads/master refs/remotes/master [2ms]
2025-02-22 13:06:23.925 [warning] [Git][getBranch] No such branch: master
2025-02-22 13:06:23.941 [info] > git status -z -uall [11ms]
2025-02-22 13:06:23.944 [info] > git for-each-ref --sort -committerdate --format %(refname) %(objectname) %(*objectname) [5ms]
2025-02-22 13:06:28.965 [info] [Git][getRemotes] No remotes found in the git config file
2025-02-22 13:06:28.966 [info] > git config --get commit.template [8ms]
2025-02-22 13:06:28.967 [info] > git for-each-ref --format=%(refname)%00%(upstream:short)%00%(objectname)%00%(upstream:track)%00%(upstream:remotename)%00%(upstream:remoteref) refs/heads/master refs/remotes/master [2ms]
2025-02-22 13:06:28.967 [warning] [Git][getBranch] No such branch: master
2025-02-22 13:06:28.986 [info] > git status -z -uall [14ms]
2025-02-22 13:06:28.986 [info] > git for-each-ref --sort -committerdate --format %(refname) %(objectname) %(*objectname) [3ms]
2025-02-22 13:06:34.009 [info] [Git][getRemotes] No remotes found in the git config file
2025-02-22 13:06:34.010 [info] > git config --get commit.template [8ms]
2025-02-22 13:06:34.011 [info] > git for-each-ref --format=%(refname)%00%(upstream:short)%00%(objectname)%00%(upstream:track)%00%(upstream:remotename)%00%(upstream:remoteref) refs/heads/master refs/remotes/master [3ms]
2025-02-22 13:06:34.011 [warning] [Git][getBranch] No such branch: master
2025-02-22 13:06:34.028 [info] > git status -z -uall [12ms]
2025-02-22 13:06:34.030 [info] > git for-each-ref --sort -committerdate --format %(refname) %(objectname) %(*objectname) [3ms]
2025-02-22 13:06:39.053 [info] [Git][getRemotes] No remotes found in the git config file
2025-02-22 13:06:39.056 [info] > git for-each-ref --format=%(refname)%00%(upstream:short)%00%(objectname)%00%(upstream:track)%00%(upstream:remotename)%00%(upstream:remoteref) refs/heads/master refs/remotes/master [3ms]
2025-02-22 13:06:39.056 [warning] [Git][getBranch] No such branch: master
2025-02-22 13:06:39.056 [info] > git config --get commit.template [9ms]
2025-02-22 13:06:39.075 [info] > git status -z -uall [14ms]
2025-02-22 13:06:39.077 [info] > git for-each-ref --sort -committerdate --format %(refname) %(objectname) %(*objectname) [3ms]
2025-02-22 13:06:44.111 [info] [Git][getRemotes] No remotes found in the git config file
2025-02-22 13:06:44.112 [info] > git config --get commit.template [8ms]
2025-02-22 13:06:44.114 [info] > git for-each-ref --format=%(refname)%00%(upstream:short)%00%(objectname)%00%(upstream:track)%00%(upstream:remotename)%00%(upstream:remoteref) refs/heads/master refs/remotes/master [3ms]
2025-02-22 13:06:44.114 [warning] [Git][getBranch] No such branch: master
2025-02-22 13:06:44.130 [info] > git status -z -uall [11ms]
2025-02-22 13:06:44.133 [info] > git for-each-ref --sort -committerdate --format %(refname) %(objectname) %(*objectname) [4ms]
2025-02-22 13:06:49.155 [info] [Git][getRemotes] No remotes found in the git config file
2025-02-22 13:06:49.156 [info] > git config --get commit.template [8ms]
2025-02-22 13:06:49.157 [info] > git for-each-ref --format=%(refname)%00%(upstream:short)%00%(objectname)%00%(upstream:track)%00%(upstream:remotename)%00%(upstream:remoteref) refs/heads/master refs/remotes/master [2ms]
2025-02-22 13:06:49.157 [warning] [Git][getBranch] No such branch: master
2025-02-22 13:06:49.175 [info] > git status -z -uall [13ms]
2025-02-22 13:06:49.175 [info] > git for-each-ref --sort -committerdate --format %(refname) %(objectname) %(*objectname) [1ms]
2025-02-22 13:06:51.597 [info] > git check-ignore -v -z --stdin [2ms]
2025-02-22 13:06:54.198 [info] [Git][getRemotes] No remotes found in the git config file
2025-02-22 13:06:54.199 [info] > git config --get commit.template [8ms]
2025-02-22 13:06:54.200 [info] > git for-each-ref --format=%(refname)%00%(upstream:short)%00%(objectname)%00%(upstream:track)%00%(upstream:remotename)%00%(upstream:remoteref) refs/heads/master refs/remotes/master [2ms]
2025-02-22 13:06:54.200 [warning] [Git][getBranch] No such branch: master
2025-02-22 13:06:54.217 [info] > git status -z -uall [12ms]
2025-02-22 13:06:54.219 [info] > git for-each-ref --sort -committerdate --format %(refname) %(objectname) %(*objectname) [4ms]
2025-02-22 13:06:59.237 [info] [Git][getRemotes] No remotes found in the git config file
2025-02-22 13:06:59.244 [info] > git config --get commit.template [8ms]
2025-02-22 13:06:59.245 [info] > git for-each-ref --format=%(refname)%00%(upstream:short)%00%(objectname)%00%(upstream:track)%00%(upstream:remotename)%00%(upstream:remoteref) refs/heads/master refs/remotes/master [2ms]
2025-02-22 13:06:59.245 [warning] [Git][getBranch] No such branch: master
2025-02-22 13:06:59.262 [info] > git status -z -uall [11ms]
2025-02-22 13:06:59.264 [info] > git for-each-ref --sort -committerdate --format %(refname) %(objectname) %(*objectname) [3ms]
2025-02-22 13:07:04.285 [info] [Git][getRemotes] No remotes found in the git config file
2025-02-22 13:07:04.293 [info] > git config --get commit.template [8ms]
2025-02-22 13:07:04.294 [info] > git for-each-ref --format=%(refname)%00%(upstream:short)%00%(objectname)%00%(upstream:track)%00%(upstream:remotename)%00%(upstream:remoteref) refs/heads/master refs/remotes/master [2ms]
2025-02-22 13:07:04.294 [warning] [Git][getBranch] No such branch: master
2025-02-22 13:07:04.313 [info] > git status -z -uall [13ms]
2025-02-22 13:07:04.316 [info] > git for-each-ref --sort -committerdate --format %(refname) %(objectname) %(*objectname) [6ms]
2025-02-22 13:07:09.340 [info] [Git][getRemotes] No remotes found in the git config file
2025-02-22 13:07:09.347 [info] > git config --get commit.template [8ms]
2025-02-22 13:07:09.348 [info] > git for-each-ref --format=%(refname)%00%(upstream:short)%00%(objectname)%00%(upstream:track)%00%(upstream:remotename)%00%(upstream:remoteref) refs/heads/master refs/remotes/master [2ms]
2025-02-22 13:07:09.349 [warning] [Git][getBranch] No such branch: master
2025-02-22 13:07:09.367 [info] > git for-each-ref --sort -committerdate --format %(refname) %(objectname) %(*objectname) [3ms]
2025-02-22 13:07:09.371 [info] > git status -z -uall [17ms]
2025-02-22 13:07:14.399 [info] [Git][getRemotes] No remotes found in the git config file
2025-02-22 13:07:14.401 [info] > git config --get commit.template [8ms]
2025-02-22 13:07:14.402 [info] > git for-each-ref --format=%(refname)%00%(upstream:short)%00%(objectname)%00%(upstream:track)%00%(upstream:remotename)%00%(upstream:remoteref) refs/heads/master refs/remotes/master [3ms]
2025-02-22 13:07:14.402 [warning] [Git][getBranch] No such branch: master
2025-02-22 13:07:14.418 [info] > git status -z -uall [11ms]
2025-02-22 13:07:14.420 [info] > git for-each-ref --sort -committerdate --format %(refname) %(objectname) %(*objectname) [3ms]
2025-02-22 13:07:19.446 [info] [Git][getRemotes] No remotes found in the git config file
2025-02-22 13:07:19.448 [info] > git config --get commit.template [7ms]
2025-02-22 13:07:19.449 [info] > git for-each-ref --format=%(refname)%00%(upstream:short)%00%(objectname)%00%(upstream:track)%00%(upstream:remotename)%00%(upstream:remoteref) refs/heads/master refs/remotes/master [3ms]
2025-02-22 13:07:19.449 [warning] [Git][getBranch] No such branch: master
2025-02-22 13:07:19.465 [info] > git status -z -uall [11ms]
2025-02-22 13:07:19.469 [info] > git for-each-ref --sort -committerdate --format %(refname) %(objectname) %(*objectname) [5ms]
2025-02-22 13:07:24.485 [info] [Git][getRemotes] No remotes found in the git config file
2025-02-22 13:07:24.493 [info] > git config --get commit.template [8ms]
2025-02-22 13:07:24.494 [info] > git for-each-ref --format=%(refname)%00%(upstream:short)%00%(objectname)%00%(upstream:track)%00%(upstream:remotename)%00%(upstream:remoteref) refs/heads/master refs/remotes/master [3ms]
2025-02-22 13:07:24.494 [warning] [Git][getBranch] No such branch: master
2025-02-22 13:07:24.511 [info] > git for-each-ref --sort -committerdate --format %(refname) %(objectname) %(*objectname) [2ms]
2025-02-22 13:07:24.513 [info] > git status -z -uall [14ms]
2025-02-22 13:07:29.543 [info] [Git][getRemotes] No remotes found in the git config file
2025-02-22 13:07:29.545 [info] > git for-each-ref --format=%(refname)%00%(upstream:short)%00%(objectname)%00%(upstream:track)%00%(upstream:remotename)%00%(upstream:remoteref) refs/heads/master refs/remotes/master [4ms]
2025-02-22 13:07:29.545 [warning] [Git][getBranch] No such branch: master
2025-02-22 13:07:29.545 [info] > git config --get commit.template [9ms]
2025-02-22 13:07:29.562 [info] > git status -z -uall [11ms]
2025-02-22 13:07:29.565 [info] > git for-each-ref --sort -committerdate --format %(refname) %(objectname) %(*objectname) [5ms]
2025-02-22 13:07:33.133 [info] > git config --get commit.template [2ms]
2025-02-22 13:07:33.152 [info] [Git][getRemotes] No remotes found in the git config file
2025-02-22 13:07:33.153 [info] > git for-each-ref --format=%(refname)%00%(upstream:short)%00%(objectname)%00%(upstream:track)%00%(upstream:remotename)%00%(upstream:remoteref) refs/heads/master refs/remotes/master [1ms]
2025-02-22 13:07:33.154 [warning] [Git][getBranch] No such branch: master
2025-02-22 13:07:33.196 [info] > git status -z -uall [25ms]
2025-02-22 13:07:33.202 [info] > git for-each-ref --sort -committerdate --format %(refname) %(objectname) %(*objectname) [7ms]
2025-02-22 13:07:33.668 [info] > git show --textconv :devops_new/devops_config [43ms]
2025-02-22 13:07:33.669 [info] > git show --textconv HEAD:devops_new/devops_config [24ms]
2025-02-22 13:07:33.671 [info] > git ls-files --stage -- /home/kapil_w1979/devops_new/devops_config [12ms]
2025-02-22 13:07:33.694 [info] > git hash-object -t tree /dev/null [6ms]
2025-02-22 13:07:33.695 [warning] [GitFileSystemProvider][readFile] File not found - git:/home/kapil_w1979/devops_new/devops_config.git?%7B%22path%22%3A%22%2Fhome%2Fkapil_w1979%2Fdevops_new%2Fdevops_config%22%2C%22ref%22%3A%22HEAD%22%7D
2025-02-22 13:07:33.699 [info] > git cat-file -s e69de29bb2d1d6434b8b29ae775ad8c2e48c5391 [16ms]
2025-02-22 13:07:33.700 [info] > git ls-tree -l HEAD -- /home/kapil_w1979/devops_new/devops_config [33ms]
2025-02-22 13:07:33.700 [info] fatal: Not a valid object name HEAD
2025-02-22 13:07:33.702 [warning] [GitFileSystemProvider][stat] File not found - git:/home/kapil_w1979/devops_new/devops_config.git?%7B%22path%22%3A%22%2Fhome%2Fkapil_w1979%2Fdevops_new%2Fdevops_config%22%2C%22ref%22%3A%22HEAD%22%7D
2025-02-22 13:07:34.224 [info] > git ls-files --stage -- /home/kapil_w1979/devops_new/devops_config [2ms]
2025-02-22 13:07:34.231 [info] > git cat-file -s e69de29bb2d1d6434b8b29ae775ad8c2e48c5391 [2ms]
2025-02-22 13:07:34.241 [info] > git show --textconv :devops_new/devops_config [2ms]
2025-02-22 13:07:34.591 [info] [Git][getRemotes] No remotes found in the git config file
2025-02-22 13:07:34.592 [info] > git config --get commit.template [9ms]
2025-02-22 13:07:34.593 [info] > git for-each-ref --format=%(refname)%00%(upstream:short)%00%(objectname)%00%(upstream:track)%00%(upstream:remotename)%00%(upstream:remoteref) refs/heads/master refs/remotes/master [3ms]
2025-02-22 13:07:34.593 [warning] [Git][getBranch] No such branch: master
2025-02-22 13:07:34.608 [info] > git status -z -uall [11ms]
2025-02-22 13:07:34.610 [info] > git for-each-ref --sort -committerdate --format %(refname) %(objectname) %(*objectname) [3ms]
2025-02-22 13:07:39.634 [info] [Git][getRemotes] No remotes found in the git config file
2025-02-22 13:07:39.636 [info] > git for-each-ref --format=%(refname)%00%(upstream:short)%00%(objectname)%00%(upstream:track)%00%(upstream:remotename)%00%(upstream:remoteref) refs/heads/master refs/remotes/master [3ms]
2025-02-22 13:07:39.637 [warning] [Git][getBranch] No such branch: master
2025-02-22 13:07:39.637 [info] > git config --get commit.template [11ms]
2025-02-22 13:07:39.658 [info] > git status -z -uall [14ms]
2025-02-22 13:07:39.660 [info] > git for-each-ref --sort -committerdate --format %(refname) %(objectname) %(*objectname) [6ms]
2025-02-22 13:07:44.686 [info] [Git][getRemotes] No remotes found in the git config file
2025-02-22 13:07:44.688 [info] > git config --get commit.template [8ms]
2025-02-22 13:07:44.689 [info] > git for-each-ref --format=%(refname)%00%(upstream:short)%00%(objectname)%00%(upstream:track)%00%(upstream:remotename)%00%(upstream:remoteref) refs/heads/master refs/remotes/master [3ms]
2025-02-22 13:07:44.689 [warning] [Git][getBranch] No such branch: master
2025-02-22 13:07:44.715 [info] > git status -z -uall [19ms]
2025-02-22 13:07:44.717 [info] > git for-each-ref --sort -committerdate --format %(refname) %(objectname) %(*objectname) [3ms]
2025-02-22 13:07:49.745 [info] [Git][getRemotes] No remotes found in the git config file
2025-02-22 13:07:49.746 [info] > git config --get commit.template [7ms]
2025-02-22 13:07:49.747 [info] > git for-each-ref --format=%(refname)%00%(upstream:short)%00%(objectname)%00%(upstream:track)%00%(upstream:remotename)%00%(upstream:remoteref) refs/heads/master refs/remotes/master [2ms]
2025-02-22 13:07:49.747 [warning] [Git][getBranch] No such branch: master
2025-02-22 13:07:49.763 [info] > git status -z -uall [11ms]
2025-02-22 13:07:49.766 [info] > git for-each-ref --sort -committerdate --format %(refname) %(objectname) %(*objectname) [4ms]
2025-02-22 13:07:54.787 [info] [Git][getRemotes] No remotes found in the git config file
2025-02-22 13:07:54.788 [info] > git config --get commit.template [7ms]
2025-02-22 13:07:54.789 [info] > git for-each-ref --format=%(refname)%00%(upstream:short)%00%(objectname)%00%(upstream:track)%00%(upstream:remotename)%00%(upstream:remoteref) refs/heads/master refs/remotes/master [2ms]
2025-02-22 13:07:54.789 [warning] [Git][getBranch] No such branch: master
2025-02-22 13:07:54.805 [info] > git for-each-ref --sort -committerdate --format %(refname) %(objectname) %(*objectname) [2ms]
2025-02-22 13:07:54.811 [info] > git status -z -uall [17ms]
2025-02-22 13:07:59.164 [info] > git config --get commit.template [1ms]
2025-02-22 13:07:59.181 [info] [Git][getRemotes] No remotes found in the git config file
2025-02-22 13:07:59.185 [info] > git for-each-ref --format=%(refname)%00%(upstream:short)%00%(objectname)%00%(upstream:track)%00%(upstream:remotename)%00%(upstream:remoteref) refs/heads/master refs/remotes/master [4ms]
2025-02-22 13:07:59.216 [info] > git status -z -uall [22ms]
2025-02-22 13:07:59.219 [info] > git for-each-ref --sort -committerdate --format %(refname) %(objectname) %(*objectname) [6ms]
2025-02-22 13:07:59.303 [info] > git blame --root --incremental 63a45a877cea3259fc76ffb74450f559fa414b34 -- /home/kapil_w1979/devops_new/devops_config [9ms]
2025-02-22 13:07:59.834 [info] > git config --get commit.template [7ms]
2025-02-22 13:07:59.835 [info] [Git][getRemotes] No remotes found in the git config file
2025-02-22 13:07:59.836 [info] > git for-each-ref --format=%(refname)%00%(upstream:short)%00%(objectname)%00%(upstream:track)%00%(upstream:remotename)%00%(upstream:remoteref) refs/heads/master refs/remotes/master [2ms]
2025-02-22 13:07:59.857 [info] > git for-each-ref --sort -committerdate --format %(refname) %(objectname) %(*objectname) [5ms]
2025-02-22 13:07:59.859 [info] > git status -z -uall [18ms]
2025-02-22 13:08:00.159 [info] > git ls-files --stage -- /home/kapil_w1979/devops_new/devops_config [2ms]
2025-02-22 13:08:00.167 [info] > git cat-file -s e69de29bb2d1d6434b8b29ae775ad8c2e48c5391 [2ms]
2025-02-22 13:08:00.177 [info] > git show --textconv :devops_new/devops_config [2ms]
2025-02-22 13:08:04.896 [info] [Git][getRemotes] No remotes found in the git config file
2025-02-22 13:08:04.898 [info] > git config --get commit.template [7ms]
2025-02-22 13:08:04.901 [info] > git for-each-ref --format=%(refname)%00%(upstream:short)%00%(objectname)%00%(upstream:track)%00%(upstream:remotename)%00%(upstream:remoteref) refs/heads/master refs/remotes/master [5ms]
2025-02-22 13:08:04.922 [info] > git status -z -uall [15ms]
2025-02-22 13:08:04.924 [info] > git for-each-ref --sort -committerdate --format %(refname) %(objectname) %(*objectname) [5ms]
2025-02-22 13:08:09.947 [info] [Git][getRemotes] No remotes found in the git config file
2025-02-22 13:08:09.948 [info] > git config --get commit.template [8ms]
2025-02-22 13:08:09.949 [info] > git for-each-ref --format=%(refname)%00%(upstream:short)%00%(objectname)%00%(upstream:track)%00%(upstream:remotename)%00%(upstream:remoteref) refs/heads/master refs/remotes/master [2ms]
2025-02-22 13:08:09.965 [info] > git status -z -uall [11ms]
2025-02-22 13:08:09.966 [info] > git for-each-ref --sort -committerdate --format %(refname) %(objectname) %(*objectname) [1ms]
2025-02-22 13:08:14.999 [info] [Git][getRemotes] No remotes found in the git config file
2025-02-22 13:08:15.000 [info] > git for-each-ref --format=%(refname)%00%(upstream:short)%00%(objectname)%00%(upstream:track)%00%(upstream:remotename)%00%(upstream:remoteref) refs/heads/master refs/remotes/master [1ms]
2025-02-22 13:08:15.000 [info] > git config --get commit.template [12ms]
2025-02-22 13:08:15.016 [info] > git status -z -uall [10ms]
2025-02-22 13:08:15.019 [info] > git for-each-ref --sort -committerdate --format %(refname) %(objectname) %(*objectname) [4ms]
2025-02-22 13:08:20.060 [info] > git config --get commit.template [1ms]
2025-02-22 13:08:20.074 [info] [Git][getRemotes] No remotes found in the git config file
2025-02-22 13:08:20.080 [info] > git for-each-ref --format=%(refname)%00%(upstream:short)%00%(objectname)%00%(upstream:track)%00%(upstream:remotename)%00%(upstream:remoteref) refs/heads/master refs/remotes/master [6ms]
2025-02-22 13:08:20.145 [info] > git status -z -uall [35ms]
2025-02-22 13:08:20.145 [info] > git for-each-ref --sort -committerdate --format %(refname) %(objectname) %(*objectname) [5ms]
2025-02-22 13:08:25.193 [info] [Git][getRemotes] No remotes found in the git config file
2025-02-22 13:08:25.193 [info] > git config --get commit.template [7ms]
2025-02-22 13:08:25.195 [info] > git for-each-ref --format=%(refname)%00%(upstream:short)%00%(objectname)%00%(upstream:track)%00%(upstream:remotename)%00%(upstream:remoteref) refs/heads/master refs/remotes/master [3ms]
2025-02-22 13:08:25.212 [info] > git status -z -uall [11ms]
2025-02-22 13:08:25.215 [info] > git for-each-ref --sort -committerdate --format %(refname) %(objectname) %(*objectname) [4ms]
2025-02-22 13:08:30.250 [info] [Git][getRemotes] No remotes found in the git config file
2025-02-22 13:08:30.252 [info] > git for-each-ref --format=%(refname)%00%(upstream:short)%00%(objectname)%00%(upstream:track)%00%(upstream:remotename)%00%(upstream:remoteref) refs/heads/master refs/remotes/master [3ms]
2025-02-22 13:08:30.252 [info] > git config --get commit.template [13ms]
2025-02-22 13:08:30.275 [info] > git status -z -uall [15ms]
2025-02-22 13:08:30.278 [info] > git for-each-ref --sort -committerdate --format %(refname) %(objectname) %(*objectname) [4ms]
2025-02-22 13:08:31.777 [info] > git check-ignore -v -z --stdin [4ms]
2025-02-22 13:08:35.294 [info] > git config --get commit.template [2ms]
2025-02-22 13:08:35.301 [info] [Git][getRemotes] No remotes found in the git config file
2025-02-22 13:08:35.305 [info] > git for-each-ref --format=%(refname)%00%(upstream:short)%00%(objectname)%00%(upstream:track)%00%(upstream:remotename)%00%(upstream:remoteref) refs/heads/master refs/remotes/master [4ms]
2025-02-22 13:08:35.322 [info] > git status -z -uall [11ms]
2025-02-22 13:08:35.326 [info] > git for-each-ref --sort -committerdate --format %(refname) %(objectname) %(*objectname) [5ms]
2025-02-22 13:08:40.352 [info] [Git][getRemotes] No remotes found in the git config file
2025-02-22 13:08:40.353 [info] > git config --get commit.template [7ms]
2025-02-22 13:08:40.355 [info] > git for-each-ref --format=%(refname)%00%(upstream:short)%00%(objectname)%00%(upstream:track)%00%(upstream:remotename)%00%(upstream:remoteref) refs/heads/master refs/remotes/master [2ms]
2025-02-22 13:08:40.376 [info] > git status -z -uall [16ms]
2025-02-22 13:08:40.379 [info] > git for-each-ref --sort -committerdate --format %(refname) %(objectname) %(*objectname) [5ms]
2025-02-22 13:08:45.415 [info] [Git][getRemotes] No remotes found in the git config file
2025-02-22 13:08:45.415 [info] > git config --get commit.template [7ms]
2025-02-22 13:08:45.417 [info] > git for-each-ref --format=%(refname)%00%(upstream:short)%00%(objectname)%00%(upstream:track)%00%(upstream:remotename)%00%(upstream:remoteref) refs/heads/master refs/remotes/master [3ms]
2025-02-22 13:08:45.435 [info] > git status -z -uall [13ms]
2025-02-22 13:08:45.438 [info] > git for-each-ref --sort -committerdate --format %(refname) %(objectname) %(*objectname) [4ms]
2025-02-22 13:08:50.464 [info] [Git][getRemotes] No remotes found in the git config file
2025-02-22 13:08:50.466 [info] > git config --get commit.template [12ms]
2025-02-22 13:08:50.467 [info] > git for-each-ref --format=%(refname)%00%(upstream:short)%00%(objectname)%00%(upstream:track)%00%(upstream:remotename)%00%(upstream:remoteref) refs/heads/master refs/remotes/master [3ms]
2025-02-22 13:08:50.484 [info] > git status -z -uall [11ms]
2025-02-22 13:08:50.487 [info] > git for-each-ref --sort -committerdate --format %(refname) %(objectname) %(*objectname) [4ms]
2025-02-22 13:08:55.548 [info] [Git][getRemotes] No remotes found in the git config file
2025-02-22 13:08:55.551 [info] > git config --get commit.template [25ms]
2025-02-22 13:08:55.552 [info] > git for-each-ref --format=%(refname)%00%(upstream:short)%00%(objectname)%00%(upstream:track)%00%(upstream:remotename)%00%(upstream:remoteref) refs/heads/master refs/remotes/master [4ms]
2025-02-22 13:08:55.597 [info] > git for-each-ref --sort -committerdate --format %(refname) %(objectname) %(*objectname) [6ms]
2025-02-22 13:08:55.600 [info] > git status -z -uall [31ms]
2025-02-22 13:09:00.656 [info] [Git][getRemotes] No remotes found in the git config file
2025-02-22 13:09:00.657 [info] > git config --get commit.template [18ms]
2025-02-22 13:09:00.661 [info] > git for-each-ref --format=%(refname)%00%(upstream:short)%00%(objectname)%00%(upstream:track)%00%(upstream:remotename)%00%(upstream:remoteref) refs/heads/master refs/remotes/master [5ms]
2025-02-22 13:09:00.690 [info] > git status -z -uall [19ms]
2025-02-22 13:09:00.693 [info] > git for-each-ref --sort -committerdate --format %(refname) %(objectname) %(*objectname) [6ms]
2025-02-22 13:09:05.727 [info] [Git][getRemotes] No remotes found in the git config file
2025-02-22 13:09:05.728 [info] > git config --get commit.template [8ms]
2025-02-22 13:09:05.729 [info] > git for-each-ref --format=%(refname)%00%(upstream:short)%00%(objectname)%00%(upstream:track)%00%(upstream:remotename)%00%(upstream:remoteref) refs/heads/master refs/remotes/master [3ms]
2025-02-22 13:09:05.745 [info] > git status -z -uall [11ms]
2025-02-22 13:09:05.750 [info] > git for-each-ref --sort -committerdate --format %(refname) %(objectname) %(*objectname) [6ms]
2025-02-22 13:09:10.771 [info] [Git][getRemotes] No remotes found in the git config file
2025-02-22 13:09:10.772 [info] > git config --get commit.template [8ms]
2025-02-22 13:09:10.773 [info] > git for-each-ref --format=%(refname)%00%(upstream:short)%00%(objectname)%00%(upstream:track)%00%(upstream:remotename)%00%(upstream:remoteref) refs/heads/master refs/remotes/master [2ms]
2025-02-22 13:09:10.790 [info] > git status -z -uall [11ms]
2025-02-22 13:09:10.792 [info] > git for-each-ref --sort -committerdate --format %(refname) %(objectname) %(*objectname) [3ms]
2025-02-22 13:09:15.834 [info] [Git][getRemotes] No remotes found in the git config file
2025-02-22 13:09:15.836 [info] > git config --get commit.template [16ms]
2025-02-22 13:09:15.838 [info] > git for-each-ref --format=%(refname)%00%(upstream:short)%00%(objectname)%00%(upstream:track)%00%(upstream:remotename)%00%(upstream:remoteref) refs/heads/master refs/remotes/master [4ms]
2025-02-22 13:09:15.872 [info] > git status -z -uall [25ms]
2025-02-22 13:09:15.875 [info] > git for-each-ref --sort -committerdate --format %(refname) %(objectname) %(*objectname) [9ms]
2025-02-22 13:09:20.903 [info] [Git][getRemotes] No remotes found in the git config file
2025-02-22 13:09:20.904 [info] > git config --get commit.template [8ms]
2025-02-22 13:09:20.905 [info] > git for-each-ref --format=%(refname)%00%(upstream:short)%00%(objectname)%00%(upstream:track)%00%(upstream:remotename)%00%(upstream:remoteref) refs/heads/master refs/remotes/master [2ms]
2025-02-22 13:09:20.921 [info] > git status -z -uall [11ms]
2025-02-22 13:09:20.923 [info] > git for-each-ref --sort -committerdate --format %(refname) %(objectname) %(*objectname) [4ms]
2025-02-22 13:09:25.941 [info] [Git][getRemotes] No remotes found in the git config file
2025-02-22 13:09:25.947 [info] > git config --get commit.template [7ms]
2025-02-22 13:09:25.949 [info] > git for-each-ref --format=%(refname)%00%(upstream:short)%00%(objectname)%00%(upstream:track)%00%(upstream:remotename)%00%(upstream:remoteref) refs/heads/master refs/remotes/master [3ms]
2025-02-22 13:09:25.965 [info] > git status -z -uall [11ms]
2025-02-22 13:09:25.968 [info] > git for-each-ref --sort -committerdate --format %(refname) %(objectname) %(*objectname) [4ms]
2025-02-22 13:09:30.989 [info] [Git][getRemotes] No remotes found in the git config file
2025-02-22 13:09:30.990 [info] > git config --get commit.template [8ms]
2025-02-22 13:09:30.991 [info] > git for-each-ref --format=%(refname)%00%(upstream:short)%00%(objectname)%00%(upstream:track)%00%(upstream:remotename)%00%(upstream:remoteref) refs/heads/master refs/remotes/master [2ms]
2025-02-22 13:09:31.008 [info] > git status -z -uall [12ms]
2025-02-22 13:09:31.010 [info] > git for-each-ref --sort -committerdate --format %(refname) %(objectname) %(*objectname) [4ms]
2025-02-22 13:09:36.035 [info] [Git][getRemotes] No remotes found in the git config file
2025-02-22 13:09:36.037 [info] > git config --get commit.template [9ms]
2025-02-22 13:09:36.038 [info] > git for-each-ref --format=%(refname)%00%(upstream:short)%00%(objectname)%00%(upstream:track)%00%(upstream:remotename)%00%(upstream:remoteref) refs/heads/master refs/remotes/master [3ms]
2025-02-22 13:09:36.055 [info] > git status -z -uall [11ms]
2025-02-22 13:09:36.060 [info] > git for-each-ref --sort -committerdate --format %(refname) %(objectname) %(*objectname) [6ms]
2025-02-22 13:09:41.083 [info] [Git][getRemotes] No remotes found in the git config file
2025-02-22 13:09:41.084 [info] > git config --get commit.template [7ms]
2025-02-22 13:09:41.085 [info] > git for-each-ref --format=%(refname)%00%(upstream:short)%00%(objectname)%00%(upstream:track)%00%(upstream:remotename)%00%(upstream:remoteref) refs/heads/master refs/remotes/master [2ms]
2025-02-22 13:09:41.102 [info] > git status -z -uall [12ms]
2025-02-22 13:09:41.105 [info] > git for-each-ref --sort -committerdate --format %(refname) %(objectname) %(*objectname) [4ms]
2025-02-22 13:09:46.129 [info] > git config --get commit.template [6ms]
2025-02-22 13:09:46.150 [info] [Git][getRemotes] No remotes found in the git config file
2025-02-22 13:09:46.160 [info] > git for-each-ref --format=%(refname)%00%(upstream:short)%00%(objectname)%00%(upstream:track)%00%(upstream:remotename)%00%(upstream:remoteref) refs/heads/master refs/remotes/master [10ms]
2025-02-22 13:09:46.186 [info] > git status -z -uall [18ms]
2025-02-22 13:09:46.189 [info] > git for-each-ref --sort -committerdate --format %(refname) %(objectname) %(*objectname) [4ms]
2025-02-22 13:09:51.222 [info] [Git][getRemotes] No remotes found in the git config file
2025-02-22 13:09:51.224 [info] > git config --get commit.template [8ms]
2025-02-22 13:09:51.225 [info] > git for-each-ref --format=%(refname)%00%(upstream:short)%00%(objectname)%00%(upstream:track)%00%(upstream:remotename)%00%(upstream:remoteref) refs/heads/master refs/remotes/master [3ms]
2025-02-22 13:09:51.243 [info] > git status -z -uall [12ms]
2025-02-22 13:09:51.243 [info] > git for-each-ref --sort -committerdate --format %(refname) %(objectname) %(*objectname) [1ms]
2025-02-22 13:09:56.273 [info] [Git][getRemotes] No remotes found in the git config file
2025-02-22 13:09:56.275 [info] > git config --get commit.template [8ms]
2025-02-22 13:09:56.276 [info] > git for-each-ref --format=%(refname)%00%(upstream:short)%00%(objectname)%00%(upstream:track)%00%(upstream:remotename)%00%(upstream:remoteref) refs/heads/master refs/remotes/master [3ms]
2025-02-22 13:09:56.292 [info] > git status -z -uall [11ms]
2025-02-22 13:09:56.294 [info] > git for-each-ref --sort -committerdate --format %(refname) %(objectname) %(*objectname) [3ms]
2025-02-22 13:10:01.322 [info] [Git][getRemotes] No remotes found in the git config file
2025-02-22 13:10:01.324 [info] > git config --get commit.template [9ms]
2025-02-22 13:10:01.325 [info] > git for-each-ref --format=%(refname)%00%(upstream:short)%00%(objectname)%00%(upstream:track)%00%(upstream:remotename)%00%(upstream:remoteref) refs/heads/master refs/remotes/master [3ms]
2025-02-22 13:10:01.341 [info] > git status -z -uall [11ms]
2025-02-22 13:10:01.344 [info] > git for-each-ref --sort -committerdate --format %(refname) %(objectname) %(*objectname) [4ms]
2025-02-22 13:10:06.365 [info] [Git][getRemotes] No remotes found in the git config file
2025-02-22 13:10:06.366 [info] > git config --get commit.template [7ms]
2025-02-22 13:10:06.368 [info] > git for-each-ref --format=%(refname)%00%(upstream:short)%00%(objectname)%00%(upstream:track)%00%(upstream:remotename)%00%(upstream:remoteref) refs/heads/master refs/remotes/master [3ms]
2025-02-22 13:10:06.385 [info] > git status -z -uall [12ms]
2025-02-22 13:10:06.389 [info] > git for-each-ref --sort -committerdate --format %(refname) %(objectname) %(*objectname) [6ms]
2025-02-22 13:10:11.414 [info] [Git][getRemotes] No remotes found in the git config file
2025-02-22 13:10:11.416 [info] > git config --get commit.template [7ms]
2025-02-22 13:10:11.417 [info] > git for-each-ref --format=%(refname)%00%(upstream:short)%00%(objectname)%00%(upstream:track)%00%(upstream:remotename)%00%(upstream:remoteref) refs/heads/master refs/remotes/master [3ms]
2025-02-22 13:10:11.432 [info] > git status -z -uall [10ms]
2025-02-22 13:10:11.435 [info] > git for-each-ref --sort -committerdate --format %(refname) %(objectname) %(*objectname) [3ms]
2025-02-22 13:10:16.460 [info] [Git][getRemotes] No remotes found in the git config file
2025-02-22 13:10:16.462 [info] > git config --get commit.template [8ms]
2025-02-22 13:10:16.462 [info] > git for-each-ref --format=%(refname)%00%(upstream:short)%00%(objectname)%00%(upstream:track)%00%(upstream:remotename)%00%(upstream:remoteref) refs/heads/master refs/remotes/master [2ms]
2025-02-22 13:10:16.477 [info] > git status -z -uall [10ms]
2025-02-22 13:10:16.481 [info] > git for-each-ref --sort -committerdate --format %(refname) %(objectname) %(*objectname) [5ms]
2025-02-22 13:10:21.506 [info] [Git][getRemotes] No remotes found in the git config file
2025-02-22 13:10:21.508 [info] > git config --get commit.template [10ms]
2025-02-22 13:10:21.508 [info] > git for-each-ref --format=%(refname)%00%(upstream:short)%00%(objectname)%00%(upstream:track)%00%(upstream:remotename)%00%(upstream:remoteref) refs/heads/master refs/remotes/master [3ms]
2025-02-22 13:10:21.525 [info] > git status -z -uall [11ms]
2025-02-22 13:10:21.527 [info] > git for-each-ref --sort -committerdate --format %(refname) %(objectname) %(*objectname) [3ms]
2025-02-22 13:10:26.552 [info] [Git][getRemotes] No remotes found in the git config file
2025-02-22 13:10:26.554 [info] > git config --get commit.template [8ms]
2025-02-22 13:10:26.555 [info] > git for-each-ref --format=%(refname)%00%(upstream:short)%00%(objectname)%00%(upstream:track)%00%(upstream:remotename)%00%(upstream:remoteref) refs/heads/master refs/remotes/master [3ms]
2025-02-22 13:10:26.571 [info] > git status -z -uall [11ms]
2025-02-22 13:10:26.573 [info] > git for-each-ref --sort -committerdate --format %(refname) %(objectname) %(*objectname) [3ms]
2025-02-22 13:10:31.597 [info] [Git][getRemotes] No remotes found in the git config file
2025-02-22 13:10:31.601 [info] > git for-each-ref --format=%(refname)%00%(upstream:short)%00%(objectname)%00%(upstream:track)%00%(upstream:remotename)%00%(upstream:remoteref) refs/heads/master refs/remotes/master [4ms]
2025-02-22 13:10:31.601 [info] > git config --get commit.template [10ms]
2025-02-22 13:10:31.619 [info] > git status -z -uall [13ms]
2025-02-22 13:10:31.621 [info] > git for-each-ref --sort -committerdate --format %(refname) %(objectname) %(*objectname) [4ms]
2025-02-22 13:10:36.646 [info] [Git][getRemotes] No remotes found in the git config file
2025-02-22 13:10:36.648 [info] > git config --get commit.template [9ms]
2025-02-22 13:10:36.648 [info] > git for-each-ref --format=%(refname)%00%(upstream:short)%00%(objectname)%00%(upstream:track)%00%(upstream:remotename)%00%(upstream:remoteref) refs/heads/master refs/remotes/master [4ms]
2025-02-22 13:10:36.666 [info] > git status -z -uall [12ms]
2025-02-22 13:10:36.667 [info] > git for-each-ref --sort -committerdate --format %(refname) %(objectname) %(*objectname) [4ms]
2025-02-22 13:10:41.693 [info] [Git][getRemotes] No remotes found in the git config file
2025-02-22 13:10:41.695 [info] > git config --get commit.template [8ms]
2025-02-22 13:10:41.696 [info] > git for-each-ref --format=%(refname)%00%(upstream:short)%00%(objectname)%00%(upstream:track)%00%(upstream:remotename)%00%(upstream:remoteref) refs/heads/master refs/remotes/master [3ms]
2025-02-22 13:10:41.712 [info] > git status -z -uall [11ms]
2025-02-22 13:10:41.714 [info] > git for-each-ref --sort -committerdate --format %(refname) %(objectname) %(*objectname) [4ms]
2025-02-22 13:10:46.737 [info] [Git][getRemotes] No remotes found in the git config file
2025-02-22 13:10:46.739 [info] > git for-each-ref --format=%(refname)%00%(upstream:short)%00%(objectname)%00%(upstream:track)%00%(upstream:remotename)%00%(upstream:remoteref) refs/heads/master refs/remotes/master [3ms]
2025-02-22 13:10:46.739 [info] > git config --get commit.template [9ms]
2025-02-22 13:10:46.756 [info] > git status -z -uall [12ms]
2025-02-22 13:10:46.758 [info] > git for-each-ref --sort -committerdate --format %(refname) %(objectname) %(*objectname) [3ms]
2025-02-22 13:10:51.783 [info] [Git][getRemotes] No remotes found in the git config file
2025-02-22 13:10:51.786 [info] > git config --get commit.template [9ms]
2025-02-22 13:10:51.786 [info] > git for-each-ref --format=%(refname)%00%(upstream:short)%00%(objectname)%00%(upstream:track)%00%(upstream:remotename)%00%(upstream:remoteref) refs/heads/master refs/remotes/master [3ms]
2025-02-22 13:10:51.804 [info] > git status -z -uall [12ms]
2025-02-22 13:10:51.805 [info] > git for-each-ref --sort -committerdate --format %(refname) %(objectname) %(*objectname) [2ms]
2025-02-22 13:10:56.825 [info] [Git][getRemotes] No remotes found in the git config file
2025-02-22 13:10:56.832 [info] > git config --get commit.template [8ms]
2025-02-22 13:10:56.834 [info] > git for-each-ref --format=%(refname)%00%(upstream:short)%00%(objectname)%00%(upstream:track)%00%(upstream:remotename)%00%(upstream:remoteref) refs/heads/master refs/remotes/master [3ms]
2025-02-22 13:10:56.850 [info] > git status -z -uall [11ms]
2025-02-22 13:10:56.852 [info] > git for-each-ref --sort -committerdate --format %(refname) %(objectname) %(*objectname) [3ms]
2025-02-22 13:11:01.869 [info] [Git][getRemotes] No remotes found in the git config file
2025-02-22 13:11:01.877 [info] > git config --get commit.template [8ms]
2025-02-22 13:11:01.878 [info] > git for-each-ref --format=%(refname)%00%(upstream:short)%00%(objectname)%00%(upstream:track)%00%(upstream:remotename)%00%(upstream:remoteref) refs/heads/master refs/remotes/master [3ms]
2025-02-22 13:11:01.895 [info] > git status -z -uall [11ms]
2025-02-22 13:11:01.900 [info] > git for-each-ref --sort -committerdate --format %(refname) %(objectname) %(*objectname) [6ms]
2025-02-22 13:11:06.921 [info] > git config --get commit.template [4ms]
2025-02-22 13:11:06.923 [info] [Git][getRemotes] No remotes found in the git config file
2025-02-22 13:11:06.937 [info] > git for-each-ref --format=%(refname)%00%(upstream:short)%00%(objectname)%00%(upstream:track)%00%(upstream:remotename)%00%(upstream:remoteref) refs/heads/master refs/remotes/master [5ms]
2025-02-22 13:11:06.971 [info] > git status -z -uall [24ms]
2025-02-22 13:11:06.978 [info] > git for-each-ref --sort -committerdate --format %(refname) %(objectname) %(*objectname) [8ms]
2025-02-22 13:11:12.012 [info] [Git][getRemotes] No remotes found in the git config file
2025-02-22 13:11:12.015 [info] > git config --get commit.template [8ms]
2025-02-22 13:11:12.016 [info] > git for-each-ref --format=%(refname)%00%(upstream:short)%00%(objectname)%00%(upstream:track)%00%(upstream:remotename)%00%(upstream:remoteref) refs/heads/master refs/remotes/master [3ms]
2025-02-22 13:11:12.033 [info] > git status -z -uall [12ms]
2025-02-22 13:11:12.035 [info] > git for-each-ref --sort -committerdate --format %(refname) %(objectname) %(*objectname) [3ms]
2025-02-22 13:11:17.060 [info] [Git][getRemotes] No remotes found in the git config file
2025-02-22 13:11:17.062 [info] > git config --get commit.template [9ms]
2025-02-22 13:11:17.063 [info] > git for-each-ref --format=%(refname)%00%(upstream:short)%00%(objectname)%00%(upstream:track)%00%(upstream:remotename)%00%(upstream:remoteref) refs/heads/master refs/remotes/master [3ms]
2025-02-22 13:11:17.080 [info] > git status -z -uall [11ms]
2025-02-22 13:11:17.082 [info] > git for-each-ref --sort -committerdate --format %(refname) %(objectname) %(*objectname) [2ms]
2025-02-22 13:11:22.110 [info] [Git][getRemotes] No remotes found in the git config file
2025-02-22 13:11:22.112 [info] > git config --get commit.template [9ms]
2025-02-22 13:11:22.112 [info] > git for-each-ref --format=%(refname)%00%(upstream:short)%00%(objectname)%00%(upstream:track)%00%(upstream:remotename)%00%(upstream:remoteref) refs/heads/master refs/remotes/master [2ms]
2025-02-22 13:11:22.128 [info] > git status -z -uall [11ms]
2025-02-22 13:11:22.130 [info] > git for-each-ref --sort -committerdate --format %(refname) %(objectname) %(*objectname) [3ms]
2025-02-22 13:11:27.154 [info] [Git][getRemotes] No remotes found in the git config file
2025-02-22 13:11:27.154 [info] > git config --get commit.template [7ms]
2025-02-22 13:11:27.156 [info] > git for-each-ref --format=%(refname)%00%(upstream:short)%00%(objectname)%00%(upstream:track)%00%(upstream:remotename)%00%(upstream:remoteref) refs/heads/master refs/remotes/master [3ms]
2025-02-22 13:11:27.176 [info] > git status -z -uall [14ms]
2025-02-22 13:11:27.182 [info] > git for-each-ref --sort -committerdate --format %(refname) %(objectname) %(*objectname) [8ms]
2025-02-22 13:11:32.207 [info] [Git][getRemotes] No remotes found in the git config file
2025-02-22 13:11:32.209 [info] > git config --get commit.template [8ms]
2025-02-22 13:11:32.210 [info] > git for-each-ref --format=%(refname)%00%(upstream:short)%00%(objectname)%00%(upstream:track)%00%(upstream:remotename)%00%(upstream:remoteref) refs/heads/master refs/remotes/master [3ms]
2025-02-22 13:11:32.226 [info] > git status -z -uall [11ms]
2025-02-22 13:11:32.228 [info] > git for-each-ref --sort -committerdate --format %(refname) %(objectname) %(*objectname) [3ms]
2025-02-22 13:11:37.253 [info] [Git][getRemotes] No remotes found in the git config file
2025-02-22 13:11:37.254 [info] > git for-each-ref --format=%(refname)%00%(upstream:short)%00%(objectname)%00%(upstream:track)%00%(upstream:remotename)%00%(upstream:remoteref) refs/heads/master refs/remotes/master [3ms]
2025-02-22 13:11:37.254 [info] > git config --get commit.template [10ms]
2025-02-22 13:11:37.275 [info] > git status -z -uall [13ms]
2025-02-22 13:11:37.277 [info] > git for-each-ref --sort -committerdate --format %(refname) %(objectname) %(*objectname) [3ms]
2025-02-22 13:11:42.300 [info] [Git][getRemotes] No remotes found in the git config file
2025-02-22 13:11:42.302 [info] > git config --get commit.template [8ms]
2025-02-22 13:11:42.303 [info] > git for-each-ref --format=%(refname)%00%(upstream:short)%00%(objectname)%00%(upstream:track)%00%(upstream:remotename)%00%(upstream:remoteref) refs/heads/master refs/remotes/master [3ms]
2025-02-22 13:11:42.320 [info] > git status -z -uall [12ms]
2025-02-22 13:11:42.321 [info] > git for-each-ref --sort -committerdate --format %(refname) %(objectname) %(*objectname) [2ms]
2025-02-22 13:11:47.347 [info] [Git][getRemotes] No remotes found in the git config file
2025-02-22 13:11:47.349 [info] > git config --get commit.template [9ms]
2025-02-22 13:11:47.350 [info] > git for-each-ref --format=%(refname)%00%(upstream:short)%00%(objectname)%00%(upstream:track)%00%(upstream:remotename)%00%(upstream:remoteref) refs/heads/master refs/remotes/master [3ms]
2025-02-22 13:11:47.367 [info] > git status -z -uall [11ms]
2025-02-22 13:11:47.370 [info] > git for-each-ref --sort -committerdate --format %(refname) %(objectname) %(*objectname) [4ms]
2025-02-22 13:11:52.393 [info] [Git][getRemotes] No remotes found in the git config file
2025-02-22 13:11:52.395 [info] > git config --get commit.template [9ms]
2025-02-22 13:11:52.395 [info] > git for-each-ref --format=%(refname)%00%(upstream:short)%00%(objectname)%00%(upstream:track)%00%(upstream:remotename)%00%(upstream:remoteref) refs/heads/master refs/remotes/master [2ms]
2025-02-22 13:11:52.412 [info] > git status -z -uall [11ms]
2025-02-22 13:11:52.417 [info] > git for-each-ref --sort -committerdate --format %(refname) %(objectname) %(*objectname) [6ms]
2025-02-22 13:11:57.441 [info] [Git][getRemotes] No remotes found in the git config file
2025-02-22 13:11:57.443 [info] > git config --get commit.template [8ms]
2025-02-22 13:11:57.444 [info] > git for-each-ref --format=%(refname)%00%(upstream:short)%00%(objectname)%00%(upstream:track)%00%(upstream:remotename)%00%(upstream:remoteref) refs/heads/master refs/remotes/master [3ms]
2025-02-22 13:11:57.460 [info] > git status -z -uall [11ms]
2025-02-22 13:11:57.462 [info] > git for-each-ref --sort -committerdate --format %(refname) %(objectname) %(*objectname) [3ms]
2025-02-22 13:12:02.493 [info] [Git][getRemotes] No remotes found in the git config file
2025-02-22 13:12:02.495 [info] > git config --get commit.template [9ms]
2025-02-22 13:12:02.495 [info] > git for-each-ref --format=%(refname)%00%(upstream:short)%00%(objectname)%00%(upstream:track)%00%(upstream:remotename)%00%(upstream:remoteref) refs/heads/master refs/remotes/master [3ms]
2025-02-22 13:12:02.513 [info] > git status -z -uall [12ms]
2025-02-22 13:12:02.515 [info] > git for-each-ref --sort -committerdate --format %(refname) %(objectname) %(*objectname) [3ms]
2025-02-22 13:12:07.538 [info] [Git][getRemotes] No remotes found in the git config file
2025-02-22 13:12:07.539 [info] > git config --get commit.template [8ms]
2025-02-22 13:12:07.540 [info] > git for-each-ref --format=%(refname)%00%(upstream:short)%00%(objectname)%00%(upstream:track)%00%(upstream:remotename)%00%(upstream:remoteref) refs/heads/master refs/remotes/master [3ms]
2025-02-22 13:12:07.555 [info] > git status -z -uall [10ms]
2025-02-22 13:12:07.558 [info] > git for-each-ref --sort -committerdate --format %(refname) %(objectname) %(*objectname) [4ms]
2025-02-22 13:12:12.575 [info] > git config --get commit.template [1ms]
2025-02-22 13:12:12.575 [info] [Git][getRemotes] No remotes found in the git config file
2025-02-22 13:12:12.583 [info] > git for-each-ref --format=%(refname)%00%(upstream:short)%00%(objectname)%00%(upstream:track)%00%(upstream:remotename)%00%(upstream:remoteref) refs/heads/master refs/remotes/master [2ms]
2025-02-22 13:12:12.598 [info] > git status -z -uall [10ms]
2025-02-22 13:12:12.601 [info] > git for-each-ref --sort -committerdate --format %(refname) %(objectname) %(*objectname) [4ms]
2025-02-22 13:12:17.620 [info] [Git][getRemotes] No remotes found in the git config file
2025-02-22 13:12:17.628 [info] > git config --get commit.template [9ms]
2025-02-22 13:12:17.630 [info] > git for-each-ref --format=%(refname)%00%(upstream:short)%00%(objectname)%00%(upstream:track)%00%(upstream:remotename)%00%(upstream:remoteref) refs/heads/master refs/remotes/master [4ms]
2025-02-22 13:12:17.646 [info] > git status -z -uall [10ms]
2025-02-22 13:12:17.652 [info] > git for-each-ref --sort -committerdate --format %(refname) %(objectname) %(*objectname) [7ms]
2025-02-22 13:12:22.674 [info] [Git][getRemotes] No remotes found in the git config file
2025-02-22 13:12:22.676 [info] > git config --get commit.template [8ms]
2025-02-22 13:12:22.677 [info] > git for-each-ref --format=%(refname)%00%(upstream:short)%00%(objectname)%00%(upstream:track)%00%(upstream:remotename)%00%(upstream:remoteref) refs/heads/master refs/remotes/master [3ms]
2025-02-22 13:12:22.692 [info] > git status -z -uall [10ms]
2025-02-22 13:12:22.694 [info] > git for-each-ref --sort -committerdate --format %(refname) %(objectname) %(*objectname) [3ms]
2025-02-22 13:12:27.712 [info] [Git][getRemotes] No remotes found in the git config file
2025-02-22 13:12:27.719 [info] > git config --get commit.template [8ms]
2025-02-22 13:12:27.721 [info] > git for-each-ref --format=%(refname)%00%(upstream:short)%00%(objectname)%00%(upstream:track)%00%(upstream:remotename)%00%(upstream:remoteref) refs/heads/master refs/remotes/master [2ms]
2025-02-22 13:12:27.736 [info] > git status -z -uall [11ms]
2025-02-22 13:12:27.738 [info] > git for-each-ref --sort -committerdate --format %(refname) %(objectname) %(*objectname) [3ms]
2025-02-22 13:12:32.764 [info] [Git][getRemotes] No remotes found in the git config file
2025-02-22 13:12:32.766 [info] > git config --get commit.template [7ms]
2025-02-22 13:12:32.766 [info] > git for-each-ref --format=%(refname)%00%(upstream:short)%00%(objectname)%00%(upstream:track)%00%(upstream:remotename)%00%(upstream:remoteref) refs/heads/master refs/remotes/master [2ms]
2025-02-22 13:12:32.782 [info] > git status -z -uall [11ms]
2025-02-22 13:12:32.785 [info] > git for-each-ref --sort -committerdate --format %(refname) %(objectname) %(*objectname) [4ms]
2025-02-22 13:12:37.809 [info] [Git][getRemotes] No remotes found in the git config file
2025-02-22 13:12:37.811 [info] > git config --get commit.template [9ms]
2025-02-22 13:12:37.812 [info] > git for-each-ref --format=%(refname)%00%(upstream:short)%00%(objectname)%00%(upstream:track)%00%(upstream:remotename)%00%(upstream:remoteref) refs/heads/master refs/remotes/master [3ms]
2025-02-22 13:12:37.827 [info] > git status -z -uall [10ms]
2025-02-22 13:12:37.830 [info] > git for-each-ref --sort -committerdate --format %(refname) %(objectname) %(*objectname) [4ms]
2025-02-22 13:12:42.852 [info] [Git][getRemotes] No remotes found in the git config file
2025-02-22 13:12:42.859 [info] > git config --get commit.template [8ms]
2025-02-22 13:12:42.860 [info] > git for-each-ref --format=%(refname)%00%(upstream:short)%00%(objectname)%00%(upstream:track)%00%(upstream:remotename)%00%(upstream:remoteref) refs/heads/master refs/remotes/master [2ms]
2025-02-22 13:12:42.876 [info] > git status -z -uall [11ms]
2025-02-22 13:12:42.878 [info] > git for-each-ref --sort -committerdate --format %(refname) %(objectname) %(*objectname) [4ms]
2025-02-22 13:12:47.901 [info] [Git][getRemotes] No remotes found in the git config file
2025-02-22 13:12:47.902 [info] > git config --get commit.template [7ms]
2025-02-22 13:12:47.903 [info] > git for-each-ref --format=%(refname)%00%(upstream:short)%00%(objectname)%00%(upstream:track)%00%(upstream:remotename)%00%(upstream:remoteref) refs/heads/master refs/remotes/master [3ms]
2025-02-22 13:12:47.919 [info] > git status -z -uall [11ms]
2025-02-22 13:12:47.924 [info] > git for-each-ref --sort -committerdate --format %(refname) %(objectname) %(*objectname) [6ms]
2025-02-22 13:12:52.948 [info] [Git][getRemotes] No remotes found in the git config file
2025-02-22 13:12:52.949 [info] > git config --get commit.template [7ms]
2025-02-22 13:12:52.950 [info] > git for-each-ref --format=%(refname)%00%(upstream:short)%00%(objectname)%00%(upstream:track)%00%(upstream:remotename)%00%(upstream:remoteref) refs/heads/master refs/remotes/master [3ms]
2025-02-22 13:12:52.968 [info] > git status -z -uall [12ms]
2025-02-22 13:12:52.970 [info] > git for-each-ref --sort -committerdate --format %(refname) %(objectname) %(*objectname) [3ms]
2025-02-22 13:12:57.995 [info] [Git][getRemotes] No remotes found in the git config file
2025-02-22 13:12:57.996 [info] > git config --get commit.template [8ms]
2025-02-22 13:12:57.997 [info] > git for-each-ref --format=%(refname)%00%(upstream:short)%00%(objectname)%00%(upstream:track)%00%(upstream:remotename)%00%(upstream:remoteref) refs/heads/master refs/remotes/master [3ms]
2025-02-22 13:12:58.014 [info] > git status -z -uall [12ms]
2025-02-22 13:12:58.016 [info] > git for-each-ref --sort -committerdate --format %(refname) %(objectname) %(*objectname) [3ms]
2025-02-22 13:13:03.033 [info] [Git][getRemotes] No remotes found in the git config file
2025-02-22 13:13:03.040 [info] > git config --get commit.template [8ms]
2025-02-22 13:13:03.041 [info] > git for-each-ref --format=%(refname)%00%(upstream:short)%00%(objectname)%00%(upstream:track)%00%(upstream:remotename)%00%(upstream:remoteref) refs/heads/master refs/remotes/master [2ms]
2025-02-22 13:13:03.057 [info] > git status -z -uall [11ms]
2025-02-22 13:13:03.060 [info] > git for-each-ref --sort -committerdate --format %(refname) %(objectname) %(*objectname) [5ms]
2025-02-22 13:13:08.084 [info] [Git][getRemotes] No remotes found in the git config file
2025-02-22 13:13:08.086 [info] > git config --get commit.template [8ms]
2025-02-22 13:13:08.087 [info] > git for-each-ref --format=%(refname)%00%(upstream:short)%00%(objectname)%00%(upstream:track)%00%(upstream:remotename)%00%(upstream:remoteref) refs/heads/master refs/remotes/master [3ms]
2025-02-22 13:13:08.103 [info] > git status -z -uall [11ms]
2025-02-22 13:13:08.106 [info] > git for-each-ref --sort -committerdate --format %(refname) %(objectname) %(*objectname) [4ms]
2025-02-22 13:13:13.128 [info] [Git][getRemotes] No remotes found in the git config file
2025-02-22 13:13:13.129 [info] > git config --get commit.template [7ms]
2025-02-22 13:13:13.130 [info] > git for-each-ref --format=%(refname)%00%(upstream:short)%00%(objectname)%00%(upstream:track)%00%(upstream:remotename)%00%(upstream:remoteref) refs/heads/master refs/remotes/master [2ms]
2025-02-22 13:13:13.146 [info] > git status -z -uall [11ms]
2025-02-22 13:13:13.151 [info] > git for-each-ref --sort -committerdate --format %(refname) %(objectname) %(*objectname) [5ms]
2025-02-22 13:13:18.176 [info] [Git][getRemotes] No remotes found in the git config file
2025-02-22 13:13:18.177 [info] > git config --get commit.template [8ms]
2025-02-22 13:13:18.178 [info] > git for-each-ref --format=%(refname)%00%(upstream:short)%00%(objectname)%00%(upstream:track)%00%(upstream:remotename)%00%(upstream:remoteref) refs/heads/master refs/remotes/master [2ms]
2025-02-22 13:13:18.194 [info] > git status -z -uall [11ms]
2025-02-22 13:13:18.196 [info] > git for-each-ref --sort -committerdate --format %(refname) %(objectname) %(*objectname) [3ms]
2025-02-22 13:13:23.223 [info] [Git][getRemotes] No remotes found in the git config file
2025-02-22 13:13:23.225 [info] > git config --get commit.template [9ms]
2025-02-22 13:13:23.225 [info] > git for-each-ref --format=%(refname)%00%(upstream:short)%00%(objectname)%00%(upstream:track)%00%(upstream:remotename)%00%(upstream:remoteref) refs/heads/master refs/remotes/master [2ms]
2025-02-22 13:13:23.243 [info] > git status -z -uall [12ms]
2025-02-22 13:13:23.245 [info] > git for-each-ref --sort -committerdate --format %(refname) %(objectname) %(*objectname) [3ms]
2025-02-22 13:13:28.268 [info] [Git][getRemotes] No remotes found in the git config file
2025-02-22 13:13:28.270 [info] > git config --get commit.template [8ms]
2025-02-22 13:13:28.271 [info] > git for-each-ref --format=%(refname)%00%(upstream:short)%00%(objectname)%00%(upstream:track)%00%(upstream:remotename)%00%(upstream:remoteref) refs/heads/master refs/remotes/master [3ms]
2025-02-22 13:13:28.286 [info] > git status -z -uall [10ms]
2025-02-22 13:13:28.289 [info] > git for-each-ref --sort -committerdate --format %(refname) %(objectname) %(*objectname) [4ms]
2025-02-22 13:13:33.314 [info] [Git][getRemotes] No remotes found in the git config file
2025-02-22 13:13:33.316 [info] > git config --get commit.template [8ms]
2025-02-22 13:13:33.317 [info] > git for-each-ref --format=%(refname)%00%(upstream:short)%00%(objectname)%00%(upstream:track)%00%(upstream:remotename)%00%(upstream:remoteref) refs/heads/master refs/remotes/master [3ms]
2025-02-22 13:13:33.334 [info] > git status -z -uall [11ms]
2025-02-22 13:13:33.336 [info] > git for-each-ref --sort -committerdate --format %(refname) %(objectname) %(*objectname) [3ms]
2025-02-22 13:13:38.354 [info] [Git][getRemotes] No remotes found in the git config file
2025-02-22 13:13:38.361 [info] > git config --get commit.template [7ms]
2025-02-22 13:13:38.362 [info] > git for-each-ref --format=%(refname)%00%(upstream:short)%00%(objectname)%00%(upstream:track)%00%(upstream:remotename)%00%(upstream:remoteref) refs/heads/master refs/remotes/master [2ms]
2025-02-22 13:13:38.379 [info] > git status -z -uall [12ms]
2025-02-22 13:13:38.383 [info] > git for-each-ref --sort -committerdate --format %(refname) %(objectname) %(*objectname) [5ms]
2025-02-22 13:13:43.404 [info] [Git][getRemotes] No remotes found in the git config file
2025-02-22 13:13:43.406 [info] > git config --get commit.template [7ms]
2025-02-22 13:13:43.407 [info] > git for-each-ref --format=%(refname)%00%(upstream:short)%00%(objectname)%00%(upstream:track)%00%(upstream:remotename)%00%(upstream:remoteref) refs/heads/master refs/remotes/master [3ms]
2025-02-22 13:13:43.424 [info] > git status -z -uall [11ms]
2025-02-22 13:13:43.427 [info] > git for-each-ref --sort -committerdate --format %(refname) %(objectname) %(*objectname) [5ms]
2025-02-22 13:13:48.450 [info] [Git][getRemotes] No remotes found in the git config file
2025-02-22 13:13:48.457 [info] > git config --get commit.template [8ms]
2025-02-22 13:13:48.459 [info] > git for-each-ref --format=%(refname)%00%(upstream:short)%00%(objectname)%00%(upstream:track)%00%(upstream:remotename)%00%(upstream:remoteref) refs/heads/master refs/remotes/master [3ms]
2025-02-22 13:13:48.475 [info] > git status -z -uall [11ms]
2025-02-22 13:13:48.477 [info] > git for-each-ref --sort -committerdate --format %(refname) %(objectname) %(*objectname) [3ms]
2025-02-22 13:13:53.500 [info] [Git][getRemotes] No remotes found in the git config file
2025-02-22 13:13:53.501 [info] > git config --get commit.template [7ms]
2025-02-22 13:13:53.503 [info] > git for-each-ref --format=%(refname)%00%(upstream:short)%00%(objectname)%00%(upstream:track)%00%(upstream:remotename)%00%(upstream:remoteref) refs/heads/master refs/remotes/master [2ms]
2025-02-22 13:13:53.519 [info] > git status -z -uall [12ms]
2025-02-22 13:13:53.520 [info] > git for-each-ref --sort -committerdate --format %(refname) %(objectname) %(*objectname) [2ms]
2025-02-22 13:13:58.543 [info] [Git][getRemotes] No remotes found in the git config file
2025-02-22 13:13:58.544 [info] > git config --get commit.template [7ms]
2025-02-22 13:13:58.545 [info] > git for-each-ref --format=%(refname)%00%(upstream:short)%00%(objectname)%00%(upstream:track)%00%(upstream:remotename)%00%(upstream:remoteref) refs/heads/master refs/remotes/master [3ms]
2025-02-22 13:13:58.561 [info] > git status -z -uall [11ms]
2025-02-22 13:13:58.566 [info] > git for-each-ref --sort -committerdate --format %(refname) %(objectname) %(*objectname) [7ms]
2025-02-22 13:14:03.593 [info] [Git][getRemotes] No remotes found in the git config file
2025-02-22 13:14:03.594 [info] > git config --get commit.template [7ms]
2025-02-22 13:14:03.595 [info] > git for-each-ref --format=%(refname)%00%(upstream:short)%00%(objectname)%00%(upstream:track)%00%(upstream:remotename)%00%(upstream:remoteref) refs/heads/master refs/remotes/master [2ms]
2025-02-22 13:14:03.612 [info] > git status -z -uall [11ms]
2025-02-22 13:14:03.614 [info] > git for-each-ref --sort -committerdate --format %(refname) %(objectname) %(*objectname) [4ms]
2025-02-22 13:14:08.637 [info] [Git][getRemotes] No remotes found in the git config file
2025-02-22 13:14:08.638 [info] > git config --get commit.template [7ms]
2025-02-22 13:14:08.639 [info] > git for-each-ref --format=%(refname)%00%(upstream:short)%00%(objectname)%00%(upstream:track)%00%(upstream:remotename)%00%(upstream:remoteref) refs/heads/master refs/remotes/master [3ms]
2025-02-22 13:14:08.656 [info] > git status -z -uall [11ms]
2025-02-22 13:14:08.658 [info] > git for-each-ref --sort -committerdate --format %(refname) %(objectname) %(*objectname) [3ms]
2025-02-22 13:14:13.683 [info] [Git][getRemotes] No remotes found in the git config file
2025-02-22 13:14:13.685 [info] > git config --get commit.template [9ms]
2025-02-22 13:14:13.685 [info] > git for-each-ref --format=%(refname)%00%(upstream:short)%00%(objectname)%00%(upstream:track)%00%(upstream:remotename)%00%(upstream:remoteref) refs/heads/master refs/remotes/master [2ms]
2025-02-22 13:14:13.702 [info] > git status -z -uall [11ms]
2025-02-22 13:14:13.704 [info] > git for-each-ref --sort -committerdate --format %(refname) %(objectname) %(*objectname) [3ms]
2025-02-22 13:14:18.727 [info] [Git][getRemotes] No remotes found in the git config file
2025-02-22 13:14:18.730 [info] > git config --get commit.template [10ms]
2025-02-22 13:14:18.730 [info] > git for-each-ref --format=%(refname)%00%(upstream:short)%00%(objectname)%00%(upstream:track)%00%(upstream:remotename)%00%(upstream:remoteref) refs/heads/master refs/remotes/master [3ms]
2025-02-22 13:14:18.746 [info] > git status -z -uall [11ms]
2025-02-22 13:14:18.749 [info] > git for-each-ref --sort -committerdate --format %(refname) %(objectname) %(*objectname) [3ms]
2025-02-22 13:14:23.771 [info] [Git][getRemotes] No remotes found in the git config file
2025-02-22 13:14:23.775 [info] > git config --get commit.template [11ms]
2025-02-22 13:14:23.775 [info] > git for-each-ref --format=%(refname)%00%(upstream:short)%00%(objectname)%00%(upstream:track)%00%(upstream:remotename)%00%(upstream:remoteref) refs/heads/master refs/remotes/master [5ms]
2025-02-22 13:14:23.791 [info] > git status -z -uall [10ms]
2025-02-22 13:14:23.793 [info] > git for-each-ref --sort -committerdate --format %(refname) %(objectname) %(*objectname) [3ms]
2025-02-22 13:14:28.813 [info] [Git][getRemotes] No remotes found in the git config file
2025-02-22 13:14:28.821 [info] > git config --get commit.template [8ms]
2025-02-22 13:14:28.822 [info] > git for-each-ref --format=%(refname)%00%(upstream:short)%00%(objectname)%00%(upstream:track)%00%(upstream:remotename)%00%(upstream:remoteref) refs/heads/master refs/remotes/master [2ms]
2025-02-22 13:14:28.839 [info] > git status -z -uall [11ms]
2025-02-22 13:14:28.843 [info] > git for-each-ref --sort -committerdate --format %(refname) %(objectname) %(*objectname) [5ms]
2025-02-22 13:14:33.866 [info] [Git][getRemotes] No remotes found in the git config file
2025-02-22 13:14:33.868 [info] > git config --get commit.template [8ms]
2025-02-22 13:14:33.869 [info] > git for-each-ref --format=%(refname)%00%(upstream:short)%00%(objectname)%00%(upstream:track)%00%(upstream:remotename)%00%(upstream:remoteref) refs/heads/master refs/remotes/master [3ms]
2025-02-22 13:14:33.885 [info] > git status -z -uall [11ms]
2025-02-22 13:14:33.887 [info] > git for-each-ref --sort -committerdate --format %(refname) %(objectname) %(*objectname) [3ms]
2025-02-22 13:14:38.905 [info] [Git][getRemotes] No remotes found in the git config file
2025-02-22 13:14:38.912 [info] > git config --get commit.template [8ms]
2025-02-22 13:14:38.914 [info] > git for-each-ref --format=%(refname)%00%(upstream:short)%00%(objectname)%00%(upstream:track)%00%(upstream:remotename)%00%(upstream:remoteref) refs/heads/master refs/remotes/master [3ms]
2025-02-22 13:14:38.930 [info] > git status -z -uall [11ms]
2025-02-22 13:14:38.932 [info] > git for-each-ref --sort -committerdate --format %(refname) %(objectname) %(*objectname) [3ms]
2025-02-22 13:14:43.949 [info] [Git][getRemotes] No remotes found in the git config file
2025-02-22 13:14:43.956 [info] > git config --get commit.template [8ms]
2025-02-22 13:14:43.958 [info] > git for-each-ref --format=%(refname)%00%(upstream:short)%00%(objectname)%00%(upstream:track)%00%(upstream:remotename)%00%(upstream:remoteref) refs/heads/master refs/remotes/master [3ms]
2025-02-22 13:14:43.974 [info] > git status -z -uall [11ms]
2025-02-22 13:14:43.976 [info] > git for-each-ref --sort -committerdate --format %(refname) %(objectname) %(*objectname) [3ms]
2025-02-22 13:14:48.998 [info] [Git][getRemotes] No remotes found in the git config file
2025-02-22 13:14:49.000 [info] > git config --get commit.template [7ms]
2025-02-22 13:14:49.001 [info] > git for-each-ref --format=%(refname)%00%(upstream:short)%00%(objectname)%00%(upstream:track)%00%(upstream:remotename)%00%(upstream:remoteref) refs/heads/master refs/remotes/master [3ms]
2025-02-22 13:14:49.018 [info] > git status -z -uall [12ms]
2025-02-22 13:14:49.020 [info] > git for-each-ref --sort -committerdate --format %(refname) %(objectname) %(*objectname) [4ms]
2025-02-22 13:14:54.044 [info] [Git][getRemotes] No remotes found in the git config file
2025-02-22 13:14:54.045 [info] > git config --get commit.template [7ms]
2025-02-22 13:14:54.046 [info] > git for-each-ref --format=%(refname)%00%(upstream:short)%00%(objectname)%00%(upstream:track)%00%(upstream:remotename)%00%(upstream:remoteref) refs/heads/master refs/remotes/master [2ms]
2025-02-22 13:14:54.063 [info] > git status -z -uall [12ms]
2025-02-22 13:14:54.068 [info] > git for-each-ref --sort -committerdate --format %(refname) %(objectname) %(*objectname) [6ms]
2025-02-22 13:14:59.087 [info] [Git][getRemotes] No remotes found in the git config file
2025-02-22 13:14:59.094 [info] > git config --get commit.template [8ms]
2025-02-22 13:14:59.095 [info] > git for-each-ref --format=%(refname)%00%(upstream:short)%00%(objectname)%00%(upstream:track)%00%(upstream:remotename)%00%(upstream:remoteref) refs/heads/master refs/remotes/master [2ms]
2025-02-22 13:14:59.112 [info] > git status -z -uall [11ms]
2025-02-22 13:14:59.114 [info] > git for-each-ref --sort -committerdate --format %(refname) %(objectname) %(*objectname) [3ms]
2025-02-22 13:15:04.136 [info] [Git][getRemotes] No remotes found in the git config file
2025-02-22 13:15:04.137 [info] > git config --get commit.template [8ms]
2025-02-22 13:15:04.138 [info] > git for-each-ref --format=%(refname)%00%(upstream:short)%00%(objectname)%00%(upstream:track)%00%(upstream:remotename)%00%(upstream:remoteref) refs/heads/master refs/remotes/master [3ms]
2025-02-22 13:15:04.154 [info] > git status -z -uall [11ms]
2025-02-22 13:15:04.157 [info] > git for-each-ref --sort -committerdate --format %(refname) %(objectname) %(*objectname) [5ms]
2025-02-22 13:15:09.184 [info] [Git][getRemotes] No remotes found in the git config file
2025-02-22 13:15:09.185 [info] > git config --get commit.template [8ms]
2025-02-22 13:15:09.187 [info] > git for-each-ref --format=%(refname)%00%(upstream:short)%00%(objectname)%00%(upstream:track)%00%(upstream:remotename)%00%(upstream:remoteref) refs/heads/master refs/remotes/master [2ms]
2025-02-22 13:15:09.204 [info] > git status -z -uall [12ms]
2025-02-22 13:15:09.207 [info] > git for-each-ref --sort -committerdate --format %(refname) %(objectname) %(*objectname) [3ms]
2025-02-22 13:15:14.232 [info] [Git][getRemotes] No remotes found in the git config file
2025-02-22 13:15:14.235 [info] > git config --get commit.template [9ms]
2025-02-22 13:15:14.235 [info] > git for-each-ref --format=%(refname)%00%(upstream:short)%00%(objectname)%00%(upstream:track)%00%(upstream:remotename)%00%(upstream:remoteref) refs/heads/master refs/remotes/master [3ms]
2025-02-22 13:15:14.251 [info] > git status -z -uall [10ms]
2025-02-22 13:15:14.254 [info] > git for-each-ref --sort -committerdate --format %(refname) %(objectname) %(*objectname) [4ms]
2025-02-22 13:15:19.276 [info] [Git][getRemotes] No remotes found in the git config file
2025-02-22 13:15:19.284 [info] > git config --get commit.template [9ms]
2025-02-22 13:15:19.285 [info] > git for-each-ref --format=%(refname)%00%(upstream:short)%00%(objectname)%00%(upstream:track)%00%(upstream:remotename)%00%(upstream:remoteref) refs/heads/master refs/remotes/master [2ms]
2025-02-22 13:15:19.301 [info] > git status -z -uall [10ms]
2025-02-22 13:15:19.306 [info] > git for-each-ref --sort -committerdate --format %(refname) %(objectname) %(*objectname) [6ms]
2025-02-22 13:15:24.332 [info] [Git][getRemotes] No remotes found in the git config file
2025-02-22 13:15:24.333 [info] > git config --get commit.template [8ms]
2025-02-22 13:15:24.334 [info] > git for-each-ref --format=%(refname)%00%(upstream:short)%00%(objectname)%00%(upstream:track)%00%(upstream:remotename)%00%(upstream:remoteref) refs/heads/master refs/remotes/master [2ms]
2025-02-22 13:15:24.350 [info] > git status -z -uall [11ms]
2025-02-22 13:15:24.353 [info] > git for-each-ref --sort -committerdate --format %(refname) %(objectname) %(*objectname) [4ms]
2025-02-22 13:15:29.374 [info] [Git][getRemotes] No remotes found in the git config file
2025-02-22 13:15:29.376 [info] > git config --get commit.template [8ms]
2025-02-22 13:15:29.376 [info] > git for-each-ref --format=%(refname)%00%(upstream:short)%00%(objectname)%00%(upstream:track)%00%(upstream:remotename)%00%(upstream:remoteref) refs/heads/master refs/remotes/master [2ms]
2025-02-22 13:15:29.392 [info] > git status -z -uall [11ms]
2025-02-22 13:15:29.395 [info] > git for-each-ref --sort -committerdate --format %(refname) %(objectname) %(*objectname) [4ms]
2025-02-22 13:15:34.421 [info] [Git][getRemotes] No remotes found in the git config file
2025-02-22 13:15:34.422 [info] > git config --get commit.template [8ms]
2025-02-22 13:15:34.423 [info] > git for-each-ref --format=%(refname)%00%(upstream:short)%00%(objectname)%00%(upstream:track)%00%(upstream:remotename)%00%(upstream:remoteref) refs/heads/master refs/remotes/master [3ms]
2025-02-22 13:15:34.439 [info] > git status -z -uall [11ms]
2025-02-22 13:15:34.441 [info] > git for-each-ref --sort -committerdate --format %(refname) %(objectname) %(*objectname) [3ms]
2025-02-22 13:15:39.465 [info] [Git][getRemotes] No remotes found in the git config file
2025-02-22 13:15:39.467 [info] > git config --get commit.template [8ms]
2025-02-22 13:15:39.467 [info] > git for-each-ref --format=%(refname)%00%(upstream:short)%00%(objectname)%00%(upstream:track)%00%(upstream:remotename)%00%(upstream:remoteref) refs/heads/master refs/remotes/master [3ms]
2025-02-22 13:15:39.484 [info] > git status -z -uall [11ms]
2025-02-22 13:15:39.486 [info] > git for-each-ref --sort -committerdate --format %(refname) %(objectname) %(*objectname) [3ms]
2025-02-22 13:15:44.505 [info] [Git][getRemotes] No remotes found in the git config file
2025-02-22 13:15:44.513 [info] > git config --get commit.template [8ms]
2025-02-22 13:15:44.514 [info] > git for-each-ref --format=%(refname)%00%(upstream:short)%00%(objectname)%00%(upstream:track)%00%(upstream:remotename)%00%(upstream:remoteref) refs/heads/master refs/remotes/master [2ms]
2025-02-22 13:15:44.531 [info] > git status -z -uall [11ms]
2025-02-22 13:15:44.531 [info] > git for-each-ref --sort -committerdate --format %(refname) %(objectname) %(*objectname) [1ms]
2025-02-22 13:15:49.555 [info] [Git][getRemotes] No remotes found in the git config file
2025-02-22 13:15:49.557 [info] > git config --get commit.template [8ms]
2025-02-22 13:15:49.557 [info] > git for-each-ref --format=%(refname)%00%(upstream:short)%00%(objectname)%00%(upstream:track)%00%(upstream:remotename)%00%(upstream:remoteref) refs/heads/master refs/remotes/master [2ms]
2025-02-22 13:15:49.574 [info] > git status -z -uall [11ms]
2025-02-22 13:15:49.576 [info] > git for-each-ref --sort -committerdate --format %(refname) %(objectname) %(*objectname) [3ms]
2025-02-22 13:15:54.593 [info] [Git][getRemotes] No remotes found in the git config file
2025-02-22 13:15:54.601 [info] > git config --get commit.template [9ms]
2025-02-22 13:15:54.602 [info] > git for-each-ref --format=%(refname)%00%(upstream:short)%00%(objectname)%00%(upstream:track)%00%(upstream:remotename)%00%(upstream:remoteref) refs/heads/master refs/remotes/master [3ms]
2025-02-22 13:15:54.618 [info] > git status -z -uall [11ms]
2025-02-22 13:15:54.620 [info] > git for-each-ref --sort -committerdate --format %(refname) %(objectname) %(*objectname) [5ms]
2025-02-22 13:15:59.646 [info] [Git][getRemotes] No remotes found in the git config file
2025-02-22 13:15:59.647 [info] > git config --get commit.template [8ms]
2025-02-22 13:15:59.648 [info] > git for-each-ref --format=%(refname)%00%(upstream:short)%00%(objectname)%00%(upstream:track)%00%(upstream:remotename)%00%(upstream:remoteref) refs/heads/master refs/remotes/master [2ms]
2025-02-22 13:15:59.666 [info] > git status -z -uall [12ms]
2025-02-22 13:15:59.669 [info] > git for-each-ref --sort -committerdate --format %(refname) %(objectname) %(*objectname) [3ms]
2025-02-22 13:16:04.697 [info] [Git][getRemotes] No remotes found in the git config file
2025-02-22 13:16:04.698 [info] > git config --get commit.template [10ms]
2025-02-22 13:16:04.700 [info] > git for-each-ref --format=%(refname)%00%(upstream:short)%00%(objectname)%00%(upstream:track)%00%(upstream:remotename)%00%(upstream:remoteref) refs/heads/master refs/remotes/master [3ms]
2025-02-22 13:16:04.717 [info] > git status -z -uall [11ms]
2025-02-22 13:16:04.719 [info] > git for-each-ref --sort -committerdate --format %(refname) %(objectname) %(*objectname) [4ms]
2025-02-22 13:16:09.741 [info] [Git][getRemotes] No remotes found in the git config file
2025-02-22 13:16:09.742 [info] > git config --get commit.template [8ms]
2025-02-22 13:16:09.743 [info] > git for-each-ref --format=%(refname)%00%(upstream:short)%00%(objectname)%00%(upstream:track)%00%(upstream:remotename)%00%(upstream:remoteref) refs/heads/master refs/remotes/master [2ms]
2025-02-22 13:16:09.761 [info] > git status -z -uall [12ms]
2025-02-22 13:16:09.763 [info] > git for-each-ref --sort -committerdate --format %(refname) %(objectname) %(*objectname) [3ms]
2025-02-22 13:16:14.787 [info] [Git][getRemotes] No remotes found in the git config file
2025-02-22 13:16:14.789 [info] > git config --get commit.template [8ms]
2025-02-22 13:16:14.790 [info] > git for-each-ref --format=%(refname)%00%(upstream:short)%00%(objectname)%00%(upstream:track)%00%(upstream:remotename)%00%(upstream:remoteref) refs/heads/master refs/remotes/master [3ms]
2025-02-22 13:16:14.805 [info] > git status -z -uall [10ms]
2025-02-22 13:16:14.807 [info] > git for-each-ref --sort -committerdate --format %(refname) %(objectname) %(*objectname) [3ms]
2025-02-22 13:16:19.831 [info] [Git][getRemotes] No remotes found in the git config file
2025-02-22 13:16:19.834 [info] > git config --get commit.template [8ms]
2025-02-22 13:16:19.834 [info] > git for-each-ref --format=%(refname)%00%(upstream:short)%00%(objectname)%00%(upstream:track)%00%(upstream:remotename)%00%(upstream:remoteref) refs/heads/master refs/remotes/master [3ms]
2025-02-22 13:16:19.850 [info] > git status -z -uall [11ms]
2025-02-22 13:16:19.853 [info] > git for-each-ref --sort -committerdate --format %(refname) %(objectname) %(*objectname) [4ms]
2025-02-22 13:16:24.871 [info] [Git][getRemotes] No remotes found in the git config file
2025-02-22 13:16:24.879 [info] > git config --get commit.template [9ms]
2025-02-22 13:16:24.880 [info] > git for-each-ref --format=%(refname)%00%(upstream:short)%00%(objectname)%00%(upstream:track)%00%(upstream:remotename)%00%(upstream:remoteref) refs/heads/master refs/remotes/master [2ms]
2025-02-22 13:16:24.897 [info] > git status -z -uall [12ms]
2025-02-22 13:16:24.899 [info] > git for-each-ref --sort -committerdate --format %(refname) %(objectname) %(*objectname) [4ms]
2025-02-22 13:16:29.927 [info] [Git][getRemotes] No remotes found in the git config file
2025-02-22 13:16:29.928 [info] > git config --get commit.template [8ms]
2025-02-22 13:16:29.929 [info] > git for-each-ref --format=%(refname)%00%(upstream:short)%00%(objectname)%00%(upstream:track)%00%(upstream:remotename)%00%(upstream:remoteref) refs/heads/master refs/remotes/master [3ms]
2025-02-22 13:16:29.948 [info] > git status -z -uall [14ms]
2025-02-22 13:16:29.950 [info] > git for-each-ref --sort -committerdate --format %(refname) %(objectname) %(*objectname) [5ms]
2025-02-22 13:16:34.973 [info] [Git][getRemotes] No remotes found in the git config file
2025-02-22 13:16:34.975 [info] > git config --get commit.template [8ms]
2025-02-22 13:16:34.975 [info] > git for-each-ref --format=%(refname)%00%(upstream:short)%00%(objectname)%00%(upstream:track)%00%(upstream:remotename)%00%(upstream:remoteref) refs/heads/master refs/remotes/master [3ms]
2025-02-22 13:16:34.993 [info] > git status -z -uall [13ms]
2025-02-22 13:16:34.995 [info] > git for-each-ref --sort -committerdate --format %(refname) %(objectname) %(*objectname) [5ms]
2025-02-22 13:16:40.020 [info] [Git][getRemotes] No remotes found in the git config file
2025-02-22 13:16:40.022 [info] > git for-each-ref --format=%(refname)%00%(upstream:short)%00%(objectname)%00%(upstream:track)%00%(upstream:remotename)%00%(upstream:remoteref) refs/heads/master refs/remotes/master [2ms]
2025-02-22 13:16:40.022 [info] > git config --get commit.template [9ms]
2025-02-22 13:16:40.039 [info] > git status -z -uall [12ms]
2025-02-22 13:16:40.041 [info] > git for-each-ref --sort -committerdate --format %(refname) %(objectname) %(*objectname) [4ms]
2025-02-22 13:16:45.065 [info] [Git][getRemotes] No remotes found in the git config file
2025-02-22 13:16:45.068 [info] > git config --get commit.template [8ms]
2025-02-22 13:16:45.068 [info] > git for-each-ref --format=%(refname)%00%(upstream:short)%00%(objectname)%00%(upstream:track)%00%(upstream:remotename)%00%(upstream:remoteref) refs/heads/master refs/remotes/master [3ms]
2025-02-22 13:16:45.084 [info] > git status -z -uall [10ms]
2025-02-22 13:16:45.087 [info] > git for-each-ref --sort -committerdate --format %(refname) %(objectname) %(*objectname) [4ms]
2025-02-22 13:16:50.108 [info] [Git][getRemotes] No remotes found in the git config file
2025-02-22 13:16:50.110 [info] > git config --get commit.template [8ms]
2025-02-22 13:16:50.110 [info] > git for-each-ref --format=%(refname)%00%(upstream:short)%00%(objectname)%00%(upstream:track)%00%(upstream:remotename)%00%(upstream:remoteref) refs/heads/master refs/remotes/master [2ms]
2025-02-22 13:16:50.127 [info] > git status -z -uall [11ms]
2025-02-22 13:16:50.129 [info] > git for-each-ref --sort -committerdate --format %(refname) %(objectname) %(*objectname) [3ms]
2025-02-22 13:16:55.155 [info] [Git][getRemotes] No remotes found in the git config file
2025-02-22 13:16:55.156 [info] > git config --get commit.template [9ms]
2025-02-22 13:16:55.157 [info] > git for-each-ref --format=%(refname)%00%(upstream:short)%00%(objectname)%00%(upstream:track)%00%(upstream:remotename)%00%(upstream:remoteref) refs/heads/master refs/remotes/master [4ms]
2025-02-22 13:16:55.173 [info] > git status -z -uall [11ms]
2025-02-22 13:16:55.178 [info] > git for-each-ref --sort -committerdate --format %(refname) %(objectname) %(*objectname) [6ms]
2025-02-22 13:17:00.203 [info] [Git][getRemotes] No remotes found in the git config file
2025-02-22 13:17:00.205 [info] > git for-each-ref --format=%(refname)%00%(upstream:short)%00%(objectname)%00%(upstream:track)%00%(upstream:remotename)%00%(upstream:remoteref) refs/heads/master refs/remotes/master [3ms]
2025-02-22 13:17:00.205 [info] > git config --get commit.template [11ms]
2025-02-22 13:17:00.222 [info] > git status -z -uall [11ms]
2025-02-22 13:17:00.224 [info] > git for-each-ref --sort -committerdate --format %(refname) %(objectname) %(*objectname) [3ms]
2025-02-22 13:17:05.248 [info] [Git][getRemotes] No remotes found in the git config file
2025-02-22 13:17:05.250 [info] > git config --get commit.template [8ms]
2025-02-22 13:17:05.250 [info] > git for-each-ref --format=%(refname)%00%(upstream:short)%00%(objectname)%00%(upstream:track)%00%(upstream:remotename)%00%(upstream:remoteref) refs/heads/master refs/remotes/master [2ms]
2025-02-22 13:17:05.268 [info] > git status -z -uall [13ms]
2025-02-22 13:17:05.270 [info] > git for-each-ref --sort -committerdate --format %(refname) %(objectname) %(*objectname) [4ms]
2025-02-22 13:17:10.296 [info] [Git][getRemotes] No remotes found in the git config file
2025-02-22 13:17:10.298 [info] > git config --get commit.template [9ms]
2025-02-22 13:17:10.299 [info] > git for-each-ref --format=%(refname)%00%(upstream:short)%00%(objectname)%00%(upstream:track)%00%(upstream:remotename)%00%(upstream:remoteref) refs/heads/master refs/remotes/master [3ms]
2025-02-22 13:17:10.315 [info] > git status -z -uall [11ms]
2025-02-22 13:17:10.318 [info] > git for-each-ref --sort -committerdate --format %(refname) %(objectname) %(*objectname) [4ms]
2025-02-22 13:17:15.339 [info] [Git][getRemotes] No remotes found in the git config file
2025-02-22 13:17:15.341 [info] > git config --get commit.template [8ms]
2025-02-22 13:17:15.342 [info] > git for-each-ref --format=%(refname)%00%(upstream:short)%00%(objectname)%00%(upstream:track)%00%(upstream:remotename)%00%(upstream:remoteref) refs/heads/master refs/remotes/master [3ms]
2025-02-22 13:17:15.358 [info] > git status -z -uall [11ms]
2025-02-22 13:17:15.360 [info] > git for-each-ref --sort -committerdate --format %(refname) %(objectname) %(*objectname) [3ms]
2025-02-22 13:17:20.384 [info] [Git][getRemotes] No remotes found in the git config file
2025-02-22 13:17:20.386 [info] > git config --get commit.template [9ms]
2025-02-22 13:17:20.387 [info] > git for-each-ref --format=%(refname)%00%(upstream:short)%00%(objectname)%00%(upstream:track)%00%(upstream:remotename)%00%(upstream:remoteref) refs/heads/master refs/remotes/master [3ms]
2025-02-22 13:17:20.404 [info] > git status -z -uall [12ms]
2025-02-22 13:17:20.409 [info] > git for-each-ref --sort -committerdate --format %(refname) %(objectname) %(*objectname) [6ms]
2025-02-22 13:17:25.434 [info] [Git][getRemotes] No remotes found in the git config file
2025-02-22 13:17:25.437 [info] > git for-each-ref --format=%(refname)%00%(upstream:short)%00%(objectname)%00%(upstream:track)%00%(upstream:remotename)%00%(upstream:remoteref) refs/heads/master refs/remotes/master [3ms]
2025-02-22 13:17:25.437 [info] > git config --get commit.template [9ms]
2025-02-22 13:17:25.453 [info] > git status -z -uall [10ms]
2025-02-22 13:17:25.455 [info] > git for-each-ref --sort -committerdate --format %(refname) %(objectname) %(*objectname) [3ms]
2025-02-22 13:17:30.476 [info] [Git][getRemotes] No remotes found in the git config file
2025-02-22 13:17:30.478 [info] > git config --get commit.template [8ms]
2025-02-22 13:17:30.478 [info] > git for-each-ref --format=%(refname)%00%(upstream:short)%00%(objectname)%00%(upstream:track)%00%(upstream:remotename)%00%(upstream:remoteref) refs/heads/master refs/remotes/master [2ms]
2025-02-22 13:17:30.494 [info] > git status -z -uall [11ms]
2025-02-22 13:17:30.497 [info] > git for-each-ref --sort -committerdate --format %(refname) %(objectname) %(*objectname) [4ms]
2025-02-22 13:17:35.516 [info] [Git][getRemotes] No remotes found in the git config file
2025-02-22 13:17:35.523 [info] > git config --get commit.template [9ms]
2025-02-22 13:17:35.524 [info] > git for-each-ref --format=%(refname)%00%(upstream:short)%00%(objectname)%00%(upstream:track)%00%(upstream:remotename)%00%(upstream:remoteref) refs/heads/master refs/remotes/master [2ms]
2025-02-22 13:17:35.541 [info] > git status -z -uall [10ms]
2025-02-22 13:17:35.543 [info] > git for-each-ref --sort -committerdate --format %(refname) %(objectname) %(*objectname) [4ms]
2025-02-22 13:17:40.566 [info] [Git][getRemotes] No remotes found in the git config file
2025-02-22 13:17:40.567 [info] > git config --get commit.template [7ms]
2025-02-22 13:17:40.569 [info] > git for-each-ref --format=%(refname)%00%(upstream:short)%00%(objectname)%00%(upstream:track)%00%(upstream:remotename)%00%(upstream:remoteref) refs/heads/master refs/remotes/master [3ms]
2025-02-22 13:17:40.585 [info] > git status -z -uall [11ms]
2025-02-22 13:17:40.587 [info] > git for-each-ref --sort -committerdate --format %(refname) %(objectname) %(*objectname) [3ms]
2025-02-22 13:17:45.613 [info] [Git][getRemotes] No remotes found in the git config file
2025-02-22 13:17:45.614 [info] > git config --get commit.template [7ms]
2025-02-22 13:17:45.615 [info] > git for-each-ref --format=%(refname)%00%(upstream:short)%00%(objectname)%00%(upstream:track)%00%(upstream:remotename)%00%(upstream:remoteref) refs/heads/master refs/remotes/master [3ms]
2025-02-22 13:17:45.631 [info] > git status -z -uall [11ms]
2025-02-22 13:17:45.635 [info] > git for-each-ref --sort -committerdate --format %(refname) %(objectname) %(*objectname) [5ms]
2025-02-22 13:17:50.660 [info] [Git][getRemotes] No remotes found in the git config file
2025-02-22 13:17:50.663 [info] > git for-each-ref --format=%(refname)%00%(upstream:short)%00%(objectname)%00%(upstream:track)%00%(upstream:remotename)%00%(upstream:remoteref) refs/heads/master refs/remotes/master [3ms]
2025-02-22 13:17:50.663 [info] > git config --get commit.template [10ms]
2025-02-22 13:17:50.681 [info] > git status -z -uall [11ms]
2025-02-22 13:17:50.682 [info] > git for-each-ref --sort -committerdate --format %(refname) %(objectname) %(*objectname) [4ms]
2025-02-22 13:17:55.700 [info] [Git][getRemotes] No remotes found in the git config file
2025-02-22 13:17:55.707 [info] > git config --get commit.template [7ms]
2025-02-22 13:17:55.708 [info] > git for-each-ref --format=%(refname)%00%(upstream:short)%00%(objectname)%00%(upstream:track)%00%(upstream:remotename)%00%(upstream:remoteref) refs/heads/master refs/remotes/master [2ms]
2025-02-22 13:17:55.725 [info] > git status -z -uall [12ms]
2025-02-22 13:17:55.725 [info] > git for-each-ref --sort -committerdate --format %(refname) %(objectname) %(*objectname) [1ms]
2025-02-22 13:18:00.752 [info] [Git][getRemotes] No remotes found in the git config file
2025-02-22 13:18:00.754 [info] > git config --get commit.template [8ms]
2025-02-22 13:18:00.755 [info] > git for-each-ref --format=%(refname)%00%(upstream:short)%00%(objectname)%00%(upstream:track)%00%(upstream:remotename)%00%(upstream:remoteref) refs/heads/master refs/remotes/master [3ms]
2025-02-22 13:18:00.772 [info] > git status -z -uall [12ms]
2025-02-22 13:18:00.774 [info] > git for-each-ref --sort -committerdate --format %(refname) %(objectname) %(*objectname) [3ms]
2025-02-22 13:18:05.799 [info] [Git][getRemotes] No remotes found in the git config file
2025-02-22 13:18:05.801 [info] > git config --get commit.template [8ms]
2025-02-22 13:18:05.802 [info] > git for-each-ref --format=%(refname)%00%(upstream:short)%00%(objectname)%00%(upstream:track)%00%(upstream:remotename)%00%(upstream:remoteref) refs/heads/master refs/remotes/master [3ms]
2025-02-22 13:18:05.817 [info] > git status -z -uall [10ms]
2025-02-22 13:18:05.820 [info] > git for-each-ref --sort -committerdate --format %(refname) %(objectname) %(*objectname) [3ms]
