2025-02-22 13:05:08.784 [info] Extension host with pid 2020 started
2025-02-22 13:05:08.784 [info] Skipping acquiring lock for /home/kapil_w1979/.config/Code/User/workspaceStorage/728bbbf0ce7b986ab897103f835c1b80.
2025-02-22 13:05:09.195 [info] ExtensionService#_doActivateExtension vscode.github-authentication, startup: false, activationEvent: 'onAuthenticationRequest:github'
2025-02-22 13:05:09.661 [info] ExtensionService#_doActivateExtension vscode.git-base, startup: true, activationEvent: '*'
2025-02-22 13:05:09.787 [info] ExtensionService#_doActivateExtension vscode.github, startup: true, activationEvent: '*'
2025-02-22 13:05:09.999 [info] Eager extensions activated
2025-02-22 13:05:10.026 [info] ExtensionService#_doActivateExtension vscode.debug-auto-launch, startup: false, activationEvent: 'onStartupFinished'
2025-02-22 13:05:10.040 [info] ExtensionService#_doActivateExtension vscode.merge-conflict, startup: false, activationEvent: 'onStartupFinished'
2025-02-22 13:05:35.774 [info] ExtensionService#_doActivateExtension vscode.git, startup: false, activationEvent: 'api', root cause: vscode.github
2025-02-22 13:05:36.282 [info] ExtensionService#_doActivateExtension vscode.emmet, startup: false, activationEvent: 'onLanguage'
2025-02-22 13:05:36.466 [warning] [Decorations] CAPPING events from decorations provider vscode.git 377
2025-02-22 13:05:36.754 [warning] [Decorations] CAPPING events from decorations provider vscode.git 377
2025-02-22 13:05:38.374 [warning] [Decorations] CAPPING events from decorations provider vscode.git 377
2025-02-22 13:05:43.425 [warning] [Decorations] CAPPING events from decorations provider vscode.git 377
2025-02-22 13:05:48.569 [warning] [Decorations] CAPPING events from decorations provider vscode.git 382
2025-02-22 13:05:53.620 [warning] [Decorations] CAPPING events from decorations provider vscode.git 387
2025-02-22 13:05:58.664 [warning] [Decorations] CAPPING events from decorations provider vscode.git 388
2025-02-22 13:06:03.736 [warning] [Decorations] CAPPING events from decorations provider vscode.git 387
2025-02-22 13:06:08.791 [warning] [Decorations] CAPPING events from decorations provider vscode.git 387
2025-02-22 13:06:13.850 [warning] [Decorations] CAPPING events from decorations provider vscode.git 387
2025-02-22 13:06:18.901 [warning] [Decorations] CAPPING events from decorations provider vscode.git 387
2025-02-22 13:06:23.948 [warning] [Decorations] CAPPING events from decorations provider vscode.git 387
2025-02-22 13:06:28.992 [warning] [Decorations] CAPPING events from decorations provider vscode.git 387
2025-02-22 13:06:34.034 [warning] [Decorations] CAPPING events from decorations provider vscode.git 387
2025-02-22 13:06:39.087 [warning] [Decorations] CAPPING events from decorations provider vscode.git 387
2025-02-22 13:06:44.137 [warning] [Decorations] CAPPING events from decorations provider vscode.git 387
2025-02-22 13:06:49.181 [warning] [Decorations] CAPPING events from decorations provider vscode.git 388
2025-02-22 13:06:54.225 [warning] [Decorations] CAPPING events from decorations provider vscode.git 388
2025-02-22 13:06:59.271 [warning] [Decorations] CAPPING events from decorations provider vscode.git 390
2025-02-22 13:07:04.325 [warning] [Decorations] CAPPING events from decorations provider vscode.git 394
2025-02-22 13:07:09.378 [warning] [Decorations] CAPPING events from decorations provider vscode.git 395
2025-02-22 13:07:14.426 [warning] [Decorations] CAPPING events from decorations provider vscode.git 395
2025-02-22 13:07:19.473 [warning] [Decorations] CAPPING events from decorations provider vscode.git 395
2025-02-22 13:07:24.519 [warning] [Decorations] CAPPING events from decorations provider vscode.git 395
2025-02-22 13:07:29.569 [warning] [Decorations] CAPPING events from decorations provider vscode.git 395
2025-02-22 13:07:33.209 [warning] [Decorations] CAPPING events from decorations provider vscode.git 395
2025-02-22 13:07:34.615 [warning] [Decorations] CAPPING events from decorations provider vscode.git 395
2025-02-22 13:07:39.665 [warning] [Decorations] CAPPING events from decorations provider vscode.git 395
2025-02-22 13:07:44.722 [warning] [Decorations] CAPPING events from decorations provider vscode.git 395
2025-02-22 13:07:49.771 [warning] [Decorations] CAPPING events from decorations provider vscode.git 395
2025-02-22 13:07:54.817 [warning] [Decorations] CAPPING events from decorations provider vscode.git 395
2025-02-22 13:07:59.227 [warning] [Decorations] CAPPING events from decorations provider vscode.git 395
2025-02-22 13:07:59.877 [warning] [Decorations] CAPPING events from decorations provider vscode.git 394
2025-02-22 13:08:04.929 [warning] [Decorations] CAPPING events from decorations provider vscode.git 394
2025-02-22 13:08:09.972 [warning] [Decorations] CAPPING events from decorations provider vscode.git 394
2025-02-22 13:08:15.025 [warning] [Decorations] CAPPING events from decorations provider vscode.git 394
2025-02-22 13:08:20.168 [warning] [Decorations] CAPPING events from decorations provider vscode.git 394
2025-02-22 13:08:25.219 [warning] [Decorations] CAPPING events from decorations provider vscode.git 394
2025-02-22 13:08:30.282 [warning] [Decorations] CAPPING events from decorations provider vscode.git 394
2025-02-22 13:08:35.331 [warning] [Decorations] CAPPING events from decorations provider vscode.git 395
2025-02-22 13:08:40.391 [warning] [Decorations] CAPPING events from decorations provider vscode.git 395
2025-02-22 13:08:45.443 [warning] [Decorations] CAPPING events from decorations provider vscode.git 395
2025-02-22 13:08:49.243 [info] ExtensionService#_doActivateExtension vscode.npm, startup: false, activationEvent: 'onTerminalQuickFixRequest:ms-vscode.npm-command'
2025-02-22 13:08:50.492 [warning] [Decorations] CAPPING events from decorations provider vscode.git 395
2025-02-22 13:08:55.612 [warning] [Decorations] CAPPING events from decorations provider vscode.git 395
2025-02-22 13:09:00.705 [warning] [Decorations] CAPPING events from decorations provider vscode.git 395
2025-02-22 13:09:05.754 [warning] [Decorations] CAPPING events from decorations provider vscode.git 395
2025-02-22 13:09:10.797 [warning] [Decorations] CAPPING events from decorations provider vscode.git 395
2025-02-22 13:09:15.882 [warning] [Decorations] CAPPING events from decorations provider vscode.git 395
2025-02-22 13:09:20.928 [warning] [Decorations] CAPPING events from decorations provider vscode.git 395
2025-02-22 13:09:25.972 [warning] [Decorations] CAPPING events from decorations provider vscode.git 395
2025-02-22 13:09:31.014 [warning] [Decorations] CAPPING events from decorations provider vscode.git 395
2025-02-22 13:09:36.065 [warning] [Decorations] CAPPING events from decorations provider vscode.git 395
2025-02-22 13:09:41.109 [warning] [Decorations] CAPPING events from decorations provider vscode.git 395
2025-02-22 13:09:46.202 [warning] [Decorations] CAPPING events from decorations provider vscode.git 395
2025-02-22 13:09:51.249 [warning] [Decorations] CAPPING events from decorations provider vscode.git 395
2025-02-22 13:09:56.299 [warning] [Decorations] CAPPING events from decorations provider vscode.git 395
2025-02-22 13:10:01.348 [warning] [Decorations] CAPPING events from decorations provider vscode.git 395
2025-02-22 13:10:06.393 [warning] [Decorations] CAPPING events from decorations provider vscode.git 396
2025-02-22 13:10:11.439 [warning] [Decorations] CAPPING events from decorations provider vscode.git 396
2025-02-22 13:10:16.486 [warning] [Decorations] CAPPING events from decorations provider vscode.git 396
2025-02-22 13:10:21.532 [warning] [Decorations] CAPPING events from decorations provider vscode.git 396
2025-02-22 13:10:26.577 [warning] [Decorations] CAPPING events from decorations provider vscode.git 396
2025-02-22 13:10:31.626 [warning] [Decorations] CAPPING events from decorations provider vscode.git 396
2025-02-22 13:10:36.673 [warning] [Decorations] CAPPING events from decorations provider vscode.git 396
2025-02-22 13:10:41.719 [warning] [Decorations] CAPPING events from decorations provider vscode.git 396
2025-02-22 13:10:46.762 [warning] [Decorations] CAPPING events from decorations provider vscode.git 396
2025-02-22 13:10:51.810 [warning] [Decorations] CAPPING events from decorations provider vscode.git 396
2025-02-22 13:10:56.856 [warning] [Decorations] CAPPING events from decorations provider vscode.git 396
2025-02-22 13:11:01.905 [warning] [Decorations] CAPPING events from decorations provider vscode.git 396
2025-02-22 13:11:06.993 [warning] [Decorations] CAPPING events from decorations provider vscode.git 396
2025-02-22 13:11:12.039 [warning] [Decorations] CAPPING events from decorations provider vscode.git 396
2025-02-22 13:11:17.090 [warning] [Decorations] CAPPING events from decorations provider vscode.git 396
2025-02-22 13:11:22.136 [warning] [Decorations] CAPPING events from decorations provider vscode.git 396
2025-02-22 13:11:27.187 [warning] [Decorations] CAPPING events from decorations provider vscode.git 396
2025-02-22 13:11:32.233 [warning] [Decorations] CAPPING events from decorations provider vscode.git 396
2025-02-22 13:11:37.282 [warning] [Decorations] CAPPING events from decorations provider vscode.git 396
2025-02-22 13:11:42.326 [warning] [Decorations] CAPPING events from decorations provider vscode.git 396
2025-02-22 13:11:47.374 [warning] [Decorations] CAPPING events from decorations provider vscode.git 396
2025-02-22 13:11:52.421 [warning] [Decorations] CAPPING events from decorations provider vscode.git 396
2025-02-22 13:11:57.468 [warning] [Decorations] CAPPING events from decorations provider vscode.git 396
2025-02-22 13:12:02.519 [warning] [Decorations] CAPPING events from decorations provider vscode.git 396
2025-02-22 13:12:07.562 [warning] [Decorations] CAPPING events from decorations provider vscode.git 396
2025-02-22 13:12:12.606 [warning] [Decorations] CAPPING events from decorations provider vscode.git 396
2025-02-22 13:12:17.656 [warning] [Decorations] CAPPING events from decorations provider vscode.git 396
2025-02-22 13:12:22.698 [warning] [Decorations] CAPPING events from decorations provider vscode.git 396
2025-02-22 13:12:27.745 [warning] [Decorations] CAPPING events from decorations provider vscode.git 396
2025-02-22 13:12:32.789 [warning] [Decorations] CAPPING events from decorations provider vscode.git 396
2025-02-22 13:12:37.837 [warning] [Decorations] CAPPING events from decorations provider vscode.git 396
2025-02-22 13:12:42.883 [warning] [Decorations] CAPPING events from decorations provider vscode.git 396
2025-02-22 13:12:47.928 [warning] [Decorations] CAPPING events from decorations provider vscode.git 396
2025-02-22 13:12:52.975 [warning] [Decorations] CAPPING events from decorations provider vscode.git 396
2025-02-22 13:12:58.021 [warning] [Decorations] CAPPING events from decorations provider vscode.git 396
2025-02-22 13:13:03.065 [warning] [Decorations] CAPPING events from decorations provider vscode.git 396
2025-02-22 13:13:08.110 [warning] [Decorations] CAPPING events from decorations provider vscode.git 396
2025-02-22 13:13:13.155 [warning] [Decorations] CAPPING events from decorations provider vscode.git 396
2025-02-22 13:13:18.201 [warning] [Decorations] CAPPING events from decorations provider vscode.git 396
2025-02-22 13:13:23.249 [warning] [Decorations] CAPPING events from decorations provider vscode.git 396
2025-02-22 13:13:28.293 [warning] [Decorations] CAPPING events from decorations provider vscode.git 396
2025-02-22 13:13:33.341 [warning] [Decorations] CAPPING events from decorations provider vscode.git 396
2025-02-22 13:13:38.387 [warning] [Decorations] CAPPING events from decorations provider vscode.git 396
2025-02-22 13:13:43.433 [warning] [Decorations] CAPPING events from decorations provider vscode.git 396
2025-02-22 13:13:48.481 [warning] [Decorations] CAPPING events from decorations provider vscode.git 396
2025-02-22 13:13:53.525 [warning] [Decorations] CAPPING events from decorations provider vscode.git 396
2025-02-22 13:13:58.571 [warning] [Decorations] CAPPING events from decorations provider vscode.git 396
2025-02-22 13:14:03.618 [warning] [Decorations] CAPPING events from decorations provider vscode.git 396
2025-02-22 13:14:08.663 [warning] [Decorations] CAPPING events from decorations provider vscode.git 396
2025-02-22 13:14:13.708 [warning] [Decorations] CAPPING events from decorations provider vscode.git 396
2025-02-22 13:14:18.753 [warning] [Decorations] CAPPING events from decorations provider vscode.git 396
2025-02-22 13:14:23.798 [warning] [Decorations] CAPPING events from decorations provider vscode.git 396
2025-02-22 13:14:28.848 [warning] [Decorations] CAPPING events from decorations provider vscode.git 396
2025-02-22 13:14:33.892 [warning] [Decorations] CAPPING events from decorations provider vscode.git 396
2025-02-22 13:14:38.937 [warning] [Decorations] CAPPING events from decorations provider vscode.git 396
2025-02-22 13:14:43.981 [warning] [Decorations] CAPPING events from decorations provider vscode.git 396
2025-02-22 13:14:49.024 [warning] [Decorations] CAPPING events from decorations provider vscode.git 396
2025-02-22 13:14:54.072 [warning] [Decorations] CAPPING events from decorations provider vscode.git 396
2025-02-22 13:14:59.119 [warning] [Decorations] CAPPING events from decorations provider vscode.git 396
2025-02-22 13:15:04.163 [warning] [Decorations] CAPPING events from decorations provider vscode.git 396
2025-02-22 13:15:09.211 [warning] [Decorations] CAPPING events from decorations provider vscode.git 396
2025-02-22 13:15:14.260 [warning] [Decorations] CAPPING events from decorations provider vscode.git 396
2025-02-22 13:15:19.311 [warning] [Decorations] CAPPING events from decorations provider vscode.git 396
2025-02-22 13:15:24.357 [warning] [Decorations] CAPPING events from decorations provider vscode.git 396
2025-02-22 13:15:29.400 [warning] [Decorations] CAPPING events from decorations provider vscode.git 396
2025-02-22 13:15:34.446 [warning] [Decorations] CAPPING events from decorations provider vscode.git 396
2025-02-22 13:15:39.490 [warning] [Decorations] CAPPING events from decorations provider vscode.git 396
2025-02-22 13:15:44.537 [warning] [Decorations] CAPPING events from decorations provider vscode.git 396
2025-02-22 13:15:49.580 [warning] [Decorations] CAPPING events from decorations provider vscode.git 396
2025-02-22 13:15:54.625 [warning] [Decorations] CAPPING events from decorations provider vscode.git 396
2025-02-22 13:15:59.674 [warning] [Decorations] CAPPING events from decorations provider vscode.git 396
2025-02-22 13:16:04.723 [warning] [Decorations] CAPPING events from decorations provider vscode.git 396
2025-02-22 13:16:09.768 [warning] [Decorations] CAPPING events from decorations provider vscode.git 396
2025-02-22 13:16:14.812 [warning] [Decorations] CAPPING events from decorations provider vscode.git 396
2025-02-22 13:16:19.857 [warning] [Decorations] CAPPING events from decorations provider vscode.git 396
2025-02-22 13:16:24.905 [warning] [Decorations] CAPPING events from decorations provider vscode.git 396
2025-02-22 13:16:29.955 [warning] [Decorations] CAPPING events from decorations provider vscode.git 396
2025-02-22 13:16:34.999 [warning] [Decorations] CAPPING events from decorations provider vscode.git 396
2025-02-22 13:16:40.045 [warning] [Decorations] CAPPING events from decorations provider vscode.git 396
2025-02-22 13:16:45.092 [warning] [Decorations] CAPPING events from decorations provider vscode.git 396
2025-02-22 13:16:50.133 [warning] [Decorations] CAPPING events from decorations provider vscode.git 396
2025-02-22 13:16:55.182 [warning] [Decorations] CAPPING events from decorations provider vscode.git 396
2025-02-22 13:17:00.228 [warning] [Decorations] CAPPING events from decorations provider vscode.git 396
2025-02-22 13:17:05.275 [warning] [Decorations] CAPPING events from decorations provider vscode.git 396
2025-02-22 13:17:10.322 [warning] [Decorations] CAPPING events from decorations provider vscode.git 396
2025-02-22 13:17:15.364 [warning] [Decorations] CAPPING events from decorations provider vscode.git 396
2025-02-22 13:17:20.414 [warning] [Decorations] CAPPING events from decorations provider vscode.git 396
2025-02-22 13:17:25.459 [warning] [Decorations] CAPPING events from decorations provider vscode.git 396
2025-02-22 13:17:30.501 [warning] [Decorations] CAPPING events from decorations provider vscode.git 396
2025-02-22 13:17:35.547 [warning] [Decorations] CAPPING events from decorations provider vscode.git 396
2025-02-22 13:17:40.591 [warning] [Decorations] CAPPING events from decorations provider vscode.git 396
2025-02-22 13:17:45.640 [warning] [Decorations] CAPPING events from decorations provider vscode.git 396
2025-02-22 13:17:50.687 [warning] [Decorations] CAPPING events from decorations provider vscode.git 396
2025-02-22 13:17:55.731 [warning] [Decorations] CAPPING events from decorations provider vscode.git 396
2025-02-22 13:18:00.779 [warning] [Decorations] CAPPING events from decorations provider vscode.git 396
2025-02-22 13:18:05.825 [warning] [Decorations] CAPPING events from decorations provider vscode.git 396
